Log file open, 10/12/20 21:25:32
LogWindows: Failed to load 'aqProf.dll' (GetLastError=126)
LogWindows: File 'aqProf.dll' does not exist
LogWindows: Failed to load 'VtuneApi.dll' (GetLastError=126)
LogWindows: File 'VtuneApi.dll' does not exist
LogWindows: Failed to load 'VtuneApi32e.dll' (GetLastError=126)
LogWindows: File 'VtuneApi32e.dll' does not exist
LogConsoleResponse: Display: Failed to find resolution value strings in scalability ini. Falling back to default.
LogInit: Display: Running engine for game: UMG
LogPlatformFile: Not using cached read wrapper
LogTaskGraph: Started task graph with 5 named threads and 23 total threads with 3 sets of task threads.
LogStats: Stats thread started at 0.232460
LogD3D11RHI: Loaded GFSDK_Aftermath_Lib.x64.dll
LogICUInternationalization: ICU TimeZone Detection - Raw Offset: -5:00, Platform Override: ''
LogPluginManager: Mounting plugin Paper2D
LogPluginManager: Mounting plugin AISupport
LogPluginManager: Mounting plugin LightPropagationVolume
LogPluginManager: Mounting plugin ActorLayerUtilities
LogPluginManager: Mounting plugin AnimationSharing
LogPluginManager: Mounting plugin CLionSourceCodeAccess
LogPluginManager: Mounting plugin CodeLiteSourceCodeAccess
LogPluginManager: Mounting plugin GitSourceControl
LogPluginManager: Mounting plugin KDevelopSourceCodeAccess
LogPluginManager: Mounting plugin NullSourceCodeAccess
LogPluginManager: Mounting plugin PerforceSourceControl
LogPluginManager: Mounting plugin SubversionSourceControl
LogPluginManager: Mounting plugin UObjectPlugin
LogPluginManager: Mounting plugin VisualStudioCodeSourceCodeAccess
LogPluginManager: Mounting plugin VisualStudioSourceCodeAccess
LogPluginManager: Mounting plugin XCodeSourceCodeAccess
LogPluginManager: Mounting plugin AssetManagerEditor
LogPluginManager: Mounting plugin CryptoKeys
LogPluginManager: Mounting plugin CurveEditorTools
LogPluginManager: Mounting plugin DataValidation
LogPluginManager: Mounting plugin FacialAnimation
LogPluginManager: Mounting plugin GameplayTagsEditor
LogPluginManager: Mounting plugin MacGraphicsSwitching
LogPluginManager: Mounting plugin MaterialAnalyzer
LogPluginManager: Mounting plugin MobileLauncherProfileWizard
LogPluginManager: Mounting plugin PluginBrowser
LogPluginManager: Mounting plugin SpeedTreeImporter
LogPluginManager: Mounting plugin DatasmithContent
LogPluginManager: Mounting plugin VariantManagerContent
LogPluginManager: Mounting plugin AlembicImporter
LogPluginManager: Mounting plugin AutomationUtils
LogPluginManager: Mounting plugin BackChannel
LogPluginManager: Mounting plugin CharacterAI
LogPluginManager: Mounting plugin GeometryCache
LogPluginManager: Mounting plugin HTML5Networking
LogPluginManager: Mounting plugin PlatformCrypto
LogPluginManager: Mounting plugin ProxyLODPlugin
LogPluginManager: Mounting plugin SkeletalReduction
LogPluginManager: Mounting plugin MagicLeap
LogPluginManager: Mounting plugin MagicLeapMedia
LogPluginManager: Mounting plugin AndroidMedia
LogPluginManager: Mounting plugin AvfMedia
LogPluginManager: Mounting plugin ImgMedia
LogPluginManager: Mounting plugin MediaCompositing
LogPluginManager: Mounting plugin MediaPlayerEditor
LogPluginManager: Mounting plugin WebMMedia
LogPluginManager: Mounting plugin WmfMedia
LogPluginManager: Mounting plugin TcpMessaging
LogPluginManager: Mounting plugin UdpMessaging
LogPluginManager: Mounting plugin ActorSequence
LogPluginManager: Mounting plugin LevelSequenceEditor
LogPluginManager: Mounting plugin MatineeToLevelSequence
LogPluginManager: Mounting plugin NetcodeUnitTest
LogPluginManager: Mounting plugin NUTUnrealEngine4
LogPluginManager: Mounting plugin OnlineSubsystemGooglePlay
LogPluginManager: Mounting plugin OnlineSubsystemIOS
LogPluginManager: Mounting plugin OnlineSubsystem
LogPluginManager: Mounting plugin OnlineSubsystemNull
LogPluginManager: Mounting plugin OnlineSubsystemUtils
LogPluginManager: Mounting plugin LauncherChunkInstaller
LogPluginManager: Mounting plugin AndroidDeviceProfileSelector
LogPluginManager: Mounting plugin AndroidMoviePlayer
LogPluginManager: Mounting plugin AndroidPermission
LogPluginManager: Mounting plugin AppleImageUtils
LogPluginManager: Mounting plugin AppleMoviePlayer
LogPluginManager: Mounting plugin ArchVisCharacter
LogPluginManager: Mounting plugin AudioCapture
LogPluginManager: Mounting plugin CableComponent
LogPluginManager: Mounting plugin CustomMeshComponent
LogPluginManager: Mounting plugin EditableMesh
LogPluginManager: Mounting plugin ExampleDeviceProfileSelector
LogPluginManager: Mounting plugin GoogleCloudMessaging
LogPluginManager: Mounting plugin IOSDeviceProfileSelector
LogPluginManager: Mounting plugin LinuxDeviceProfileSelector
LogPluginManager: Mounting plugin LocationServicesBPLibrary
LogPluginManager: Mounting plugin MobilePatchingUtils
LogPluginManager: Mounting plugin OculusVR
LogPluginManager: Mounting plugin PhysXVehicles
LogPluginManager: Mounting plugin ProceduralMeshComponent
LogPluginManager: Mounting plugin RuntimePhysXCooking
LogPluginManager: Mounting plugin SignificanceManager
LogPluginManager: Mounting plugin SteamVR
LogPluginManager: Mounting plugin WebMMoviePlayer
LogPluginManager: Mounting plugin WindowsMoviePlayer
LogPluginManager: Mounting plugin ScreenshotTools
LogInit: Using libcurl 7.55.1-DEV
LogInit:  - built for x86_64-pc-win32
LogInit:  - supports SSL with OpenSSL/1.1.1
LogInit:  - supports HTTP deflate (compression) using libz 1.2.8
LogInit:  - other features:
LogInit:      CURL_VERSION_SSL
LogInit:      CURL_VERSION_LIBZ
LogInit:      CURL_VERSION_IPV6
LogInit:      CURL_VERSION_ASYNCHDNS
LogInit:      CURL_VERSION_LARGEFILE
LogInit:      CURL_VERSION_IDN
LogInit:  CurlRequestOptions (configurable via config and command line):
LogInit:  - bVerifyPeer = true  - Libcurl will verify peer certificate
LogInit:  - bUseHttpProxy = false  - Libcurl will NOT use HTTP proxy
LogInit:  - bDontReuseConnections = false  - Libcurl will reuse connections
LogInit:  - MaxHostConnections = 16  - Libcurl will limit the number of connections to a host
LogInit:  - LocalHostAddr = Default
LogInit:  - BufferSize = 65536
LogOnline: OSS: Creating online subsystem instance for: NULL
LogInit: WinSock: version 1.1 (2.2), MaxSocks=32767, MaxUdp=65467
LogInit: Build: ++UE4+Release-4.23-CL-9631420
LogInit: Engine Version: 4.23.1-9631420+++UE4+Release-4.23
LogInit: Compatible Engine Version: 4.23.0-8386587+++UE4+Release-4.23
LogInit: Net CL: 8386587
LogInit: OS: Windows 10 (Release 1909) (), CPU: Intel(R) Core(TM) i7-7700HQ CPU @ 2.80GHz, GPU: NVIDIA GeForce GTX 1060
LogInit: Compiled (64-bit): Oct 18 2019 02:07:44
LogInit: Compiled with Visual C++: 19.16.27030.01
LogInit: Build Configuration: Development
LogInit: Branch Name: ++UE4+Release-4.23
LogInit: Command Line: 
LogInit: Base Directory: C:/Program Files/Epic Games/UE_4.23/Engine/Binaries/Win64/
LogInit: Installed Engine Build: 1
LogDevObjectVersion: Number of dev versions registered: 23
LogDevObjectVersion:   Dev-Blueprints (B0D832E4-1F89-4F0D-ACCF-7EB736FD4AA2): 10
LogDevObjectVersion:   Dev-Build (E1C64328-A22C-4D53-A36C-8E866417BD8C): 0
LogDevObjectVersion:   Dev-Core (375EC13C-06E4-48FB-B500-84F0262A717E): 3
LogDevObjectVersion:   Dev-Editor (E4B068ED-F494-42E9-A231-DA0B2E46BB41): 34
LogDevObjectVersion:   Dev-Framework (CFFC743F-43B0-4480-9391-14DF171D2073): 35
LogDevObjectVersion:   Dev-Mobile (B02B49B5-BB20-44E9-A304-32B752E40360): 2
LogDevObjectVersion:   Dev-Networking (A4E4105C-59A1-49B5-A7C5-40C4547EDFEE): 0
LogDevObjectVersion:   Dev-Online (39C831C9-5AE6-47DC-9A44-9C173E1C8E7C): 0
LogDevObjectVersion:   Dev-Physics (78F01B33-EBEA-4F98-B9B4-84EACCB95AA2): 0
LogDevObjectVersion:   Dev-Platform (6631380F-2D4D-43E0-8009-CF276956A95A): 0
LogDevObjectVersion:   Dev-Rendering (12F88B9F-8875-4AFC-A67C-D90C383ABD29): 31
LogDevObjectVersion:   Dev-Sequencer (7B5AE74C-D270-4C10-A958-57980B212A5A): 11
LogDevObjectVersion:   Dev-VR (D7296918-1DD6-4BDD-9DE2-64A83CC13884): 2
LogDevObjectVersion:   Dev-LoadTimes (C2A15278-BFE7-4AFE-6C17-90FF531DF755): 1
LogDevObjectVersion:   Private-Geometry (6EACA3D4-40EC-4CC1-B786-8BED09428FC5): 3
LogDevObjectVersion:   Dev-AnimPhys (29E575DD-E0A3-4627-9D10-D276232CDCEA): 17
LogDevObjectVersion:   Dev-Anim (AF43A65D-7FD3-4947-9873-3E8ED9C1BB05): 2
LogDevObjectVersion:   Dev-ReflectionCapture (6B266CEC-1EC7-4B8F-A30B-E4D90942FC07): 1
LogDevObjectVersion:   Dev-Automation (0DF73D61-A23F-47EA-B727-89E90C41499A): 1
LogDevObjectVersion:   FortniteMain (601D1886-AC64-4F84-AA16-D3DE0DEAC7D6): 27
LogDevObjectVersion:   Dev-Enterprise (9DFFBCD6-494F-0158-E221-12823C92A888): 6
LogDevObjectVersion:   Dev-Niagara (F2AED0AC-9AFE-416F-8664-AA7FFA26D6FC): 1
LogDevObjectVersion:   Dev-Destruction (174F1F0B-B4C6-45A5-B13F-2EE8D0FB917D): 9
LogInit: Presizing for max 16777216 objects, including 0 objects not considered by GC, pre-allocating 0 bytes for permanent pool.
LogInit: Object subsystem initialized
LogConfig: Setting CVar [[con.DebugEarlyDefault:1]]
LogConfig: Setting CVar [[r.setres:1280x720]]
[2020.10.13-01.25.33:115][  0]LogConfig: Setting CVar [[r.VSync:0]]
[2020.10.13-01.25.33:115][  0]LogConfig: Setting CVar [[r.RHICmdBypass:0]]
[2020.10.13-01.25.33:115][  0]LogConfig: Applying CVar settings from Section [/Script/Engine.RendererSettings] File [C:/Users/JoshS/Documents/Unreal Projects/UMG/UMG/Saved/Config/Windows/Engine.ini]
[2020.10.13-01.25.33:115][  0]LogConfig: Setting CVar [[r.GPUCrashDebugging:0]]
[2020.10.13-01.25.33:115][  0]LogConfig: Setting CVar [[r.DefaultFeature.AutoExposure.ExtendDefaultLuminanceRange:0]]
[2020.10.13-01.25.33:115][  0]LogConfig: Setting CVar [[r.DefaultFeature.Bloom:0]]
[2020.10.13-01.25.33:115][  0]LogConfig: Setting CVar [[r.DefaultFeature.AmbientOcclusion:1]]
[2020.10.13-01.25.33:115][  0]LogConfig: Setting CVar [[r.DefaultFeature.AmbientOcclusionStaticFraction:1]]
[2020.10.13-01.25.33:115][  0]LogConfig: Setting CVar [[r.DefaultFeature.AutoExposure:0]]
[2020.10.13-01.25.33:115][  0]LogConfig: Setting CVar [[r.DefaultFeature.MotionBlur:0]]
[2020.10.13-01.25.33:115][  0]LogConfig: Applying CVar settings from Section [/Script/Engine.RendererOverrideSettings] File [C:/Users/JoshS/Documents/Unreal Projects/UMG/UMG/Saved/Config/Windows/Engine.ini]
[2020.10.13-01.25.33:116][  0]LogConfig: Applying CVar settings from Section [/Script/Engine.StreamingSettings] File [C:/Users/JoshS/Documents/Unreal Projects/UMG/UMG/Saved/Config/Windows/Engine.ini]
[2020.10.13-01.25.33:116][  0]LogConfig: Setting CVar [[s.MinBulkDataSizeForAsyncLoading:131072]]
[2020.10.13-01.25.33:116][  0]LogConfig: Setting CVar [[s.AsyncLoadingThreadEnabled:0]]
[2020.10.13-01.25.33:116][  0]LogConfig: Setting CVar [[s.EventDrivenLoaderEnabled:1]]
[2020.10.13-01.25.33:116][  0]LogConfig: Setting CVar [[s.WarnIfTimeLimitExceeded:0]]
[2020.10.13-01.25.33:116][  0]LogConfig: Setting CVar [[s.TimeLimitExceededMultiplier:1.5]]
[2020.10.13-01.25.33:116][  0]LogConfig: Setting CVar [[s.TimeLimitExceededMinTime:0.005]]
[2020.10.13-01.25.33:116][  0]LogConfig: Setting CVar [[s.UseBackgroundLevelStreaming:1]]
[2020.10.13-01.25.33:116][  0]LogConfig: Setting CVar [[s.PriorityAsyncLoadingExtraTime:15.0]]
[2020.10.13-01.25.33:116][  0]LogConfig: Setting CVar [[s.LevelStreamingActorsUpdateTimeLimit:5.0]]
[2020.10.13-01.25.33:116][  0]LogConfig: Setting CVar [[s.PriorityLevelStreamingActorsUpdateExtraTime:5.0]]
[2020.10.13-01.25.33:116][  0]LogConfig: Setting CVar [[s.LevelStreamingComponentsRegistrationGranularity:10]]
[2020.10.13-01.25.33:116][  0]LogConfig: Setting CVar [[s.UnregisterComponentsTimeLimit:1.0]]
[2020.10.13-01.25.33:116][  0]LogConfig: Setting CVar [[s.LevelStreamingComponentsUnregistrationGranularity:5]]
[2020.10.13-01.25.33:116][  0]LogConfig: Applying CVar settings from Section [/Script/Engine.GarbageCollectionSettings] File [C:/Users/JoshS/Documents/Unreal Projects/UMG/UMG/Saved/Config/Windows/Engine.ini]
[2020.10.13-01.25.33:116][  0]LogConfig: Setting CVar [[gc.MaxObjectsNotConsideredByGC:1]]
[2020.10.13-01.25.33:116][  0]LogConfig: Setting CVar [[gc.SizeOfPermanentObjectPool:0]]
[2020.10.13-01.25.33:116][  0]LogConfig: Setting CVar [[gc.FlushStreamingOnGC:0]]
[2020.10.13-01.25.33:116][  0]LogConfig: Setting CVar [[gc.NumRetriesBeforeForcingGC:10]]
[2020.10.13-01.25.33:116][  0]LogConfig: Setting CVar [[gc.AllowParallelGC:1]]
[2020.10.13-01.25.33:116][  0]LogConfig: Setting CVar [[gc.TimeBetweenPurgingPendingKillObjects:61.1]]
[2020.10.13-01.25.33:116][  0]LogConfig: Setting CVar [[gc.MaxObjectsInEditor:16777216]]
[2020.10.13-01.25.33:116][  0]LogConfig: Setting CVar [[gc.IncrementalBeginDestroyEnabled:1]]
[2020.10.13-01.25.33:116][  0]LogConfig: Setting CVar [[gc.CreateGCClusters:1]]
[2020.10.13-01.25.33:116][  0]LogConfig: Setting CVar [[gc.MinGCClusterSize:5]]
[2020.10.13-01.25.33:116][  0]LogConfig: Setting CVar [[gc.ActorClusteringEnabled:0]]
[2020.10.13-01.25.33:117][  0]LogConfig: Setting CVar [[gc.BlueprintClusteringEnabled:0]]
[2020.10.13-01.25.33:117][  0]LogConfig: Setting CVar [[gc.UseDisregardForGCOnDedicatedServers:0]]
[2020.10.13-01.25.33:117][  0]LogConfig: Applying CVar settings from Section [/Script/Engine.NetworkSettings] File [C:/Users/JoshS/Documents/Unreal Projects/UMG/UMG/Saved/Config/Windows/Engine.ini]
[2020.10.13-01.25.33:117][  0]LogConfig: Applying CVar settings from Section [/Script/UnrealEd.CookerSettings] File [C:/Users/JoshS/Documents/Unreal Projects/UMG/UMG/Saved/Config/Windows/Engine.ini]
[2020.10.13-01.25.33:123][  0]LogConfig: Applying CVar settings from Section [ViewDistanceQuality@3] File [C:/Users/JoshS/Documents/Unreal Projects/UMG/UMG/Saved/Config/Windows/Scalability.ini]
[2020.10.13-01.25.33:123][  0]LogConfig: Setting CVar [[r.SkeletalMeshLODBias:0]]
[2020.10.13-01.25.33:123][  0]LogConfig: Setting CVar [[r.ViewDistanceScale:1.0]]
[2020.10.13-01.25.33:123][  0]LogConfig: Applying CVar settings from Section [AntiAliasingQuality@3] File [C:/Users/JoshS/Documents/Unreal Projects/UMG/UMG/Saved/Config/Windows/Scalability.ini]
[2020.10.13-01.25.33:124][  0]LogConfig: Setting CVar [[r.PostProcessAAQuality:4]]
[2020.10.13-01.25.33:124][  0]LogConfig: Applying CVar settings from Section [ShadowQuality@3] File [C:/Users/JoshS/Documents/Unreal Projects/UMG/UMG/Saved/Config/Windows/Scalability.ini]
[2020.10.13-01.25.33:124][  0]LogConfig: Setting CVar [[r.LightFunctionQuality:1]]
[2020.10.13-01.25.33:124][  0]LogConfig: Setting CVar [[r.ShadowQuality:5]]
[2020.10.13-01.25.33:124][  0]LogConfig: Setting CVar [[r.Shadow.CSM.MaxCascades:10]]
[2020.10.13-01.25.33:124][  0]LogConfig: Setting CVar [[r.Shadow.MaxResolution:2048]]
[2020.10.13-01.25.33:124][  0]LogConfig: Setting CVar [[r.Shadow.MaxCSMResolution:2048]]
[2020.10.13-01.25.33:124][  0]LogConfig: Setting CVar [[r.Shadow.RadiusThreshold:0.01]]
[2020.10.13-01.25.33:124][  0]LogConfig: Setting CVar [[r.Shadow.DistanceScale:1.0]]
[2020.10.13-01.25.33:124][  0]LogConfig: Setting CVar [[r.Shadow.CSM.TransitionScale:1.0]]
[2020.10.13-01.25.33:124][  0]LogConfig: Setting CVar [[r.Shadow.PreShadowResolutionFactor:1.0]]
[2020.10.13-01.25.33:124][  0]LogConfig: Setting CVar [[r.DistanceFieldShadowing:1]]
[2020.10.13-01.25.33:124][  0]LogConfig: Setting CVar [[r.DistanceFieldAO:1]]
[2020.10.13-01.25.33:124][  0]LogConfig: Setting CVar [[r.AOQuality:2]]
[2020.10.13-01.25.33:124][  0]LogConfig: Setting CVar [[r.VolumetricFog:1]]
[2020.10.13-01.25.33:124][  0]LogConfig: Setting CVar [[r.VolumetricFog.GridPixelSize:8]]
[2020.10.13-01.25.33:124][  0]LogConfig: Setting CVar [[r.VolumetricFog.GridSizeZ:128]]
[2020.10.13-01.25.33:124][  0]LogConfig: Setting CVar [[r.VolumetricFog.HistoryMissSupersampleCount:4]]
[2020.10.13-01.25.33:124][  0]LogConfig: Setting CVar [[r.LightMaxDrawDistanceScale:1]]
[2020.10.13-01.25.33:124][  0]LogConfig: Setting CVar [[r.CapsuleShadows:1]]
[2020.10.13-01.25.33:124][  0]LogConfig: Applying CVar settings from Section [PostProcessQuality@3] File [C:/Users/JoshS/Documents/Unreal Projects/UMG/UMG/Saved/Config/Windows/Scalability.ini]
[2020.10.13-01.25.33:124][  0]LogConfig: Setting CVar [[r.MotionBlurQuality:4]]
[2020.10.13-01.25.33:124][  0]LogConfig: Setting CVar [[r.AmbientOcclusionMipLevelFactor:0.4]]
[2020.10.13-01.25.33:125][  0]LogConfig: Setting CVar [[r.AmbientOcclusionMaxQuality:100]]
[2020.10.13-01.25.33:125][  0]LogConfig: Setting CVar [[r.AmbientOcclusionLevels:-1]]
[2020.10.13-01.25.33:125][  0]LogConfig: Setting CVar [[r.AmbientOcclusionRadiusScale:1.0]]
[2020.10.13-01.25.33:125][  0]LogConfig: Setting CVar [[r.DepthOfFieldQuality:2]]
[2020.10.13-01.25.33:125][  0]LogConfig: Setting CVar [[r.RenderTargetPoolMin:400]]
[2020.10.13-01.25.33:125][  0]LogConfig: Setting CVar [[r.LensFlareQuality:2]]
[2020.10.13-01.25.33:125][  0]LogConfig: Setting CVar [[r.SceneColorFringeQuality:1]]
[2020.10.13-01.25.33:125][  0]LogConfig: Setting CVar [[r.EyeAdaptationQuality:2]]
[2020.10.13-01.25.33:125][  0]LogConfig: Setting CVar [[r.BloomQuality:5]]
[2020.10.13-01.25.33:125][  0]LogConfig: Setting CVar [[r.FastBlurThreshold:100]]
[2020.10.13-01.25.33:125][  0]LogConfig: Setting CVar [[r.Upscale.Quality:3]]
[2020.10.13-01.25.33:125][  0]LogConfig: Setting CVar [[r.Tonemapper.GrainQuantization:1]]
[2020.10.13-01.25.33:125][  0]LogConfig: Setting CVar [[r.LightShaftQuality:1]]
[2020.10.13-01.25.33:125][  0]LogConfig: Setting CVar [[r.Filter.SizeScale:1]]
[2020.10.13-01.25.33:125][  0]LogConfig: Setting CVar [[r.Tonemapper.Quality:5]]
[2020.10.13-01.25.33:125][  0]LogConfig: Setting CVar [[r.DOF.Gather.AccumulatorQuality:1        ; higher gathering accumulator quality]]
[2020.10.13-01.25.33:125][  0]LogConfig: Setting CVar [[r.DOF.Gather.PostfilterMethod:1          ; Median3x3 postfilering method]]
[2020.10.13-01.25.33:125][  0]LogConfig: Setting CVar [[r.DOF.Gather.EnableBokehSettings:0       ; no bokeh simulation when gathering]]
[2020.10.13-01.25.33:125][  0]LogConfig: Setting CVar [[r.DOF.Gather.RingCount:4                 ; medium number of samples when gathering]]
[2020.10.13-01.25.33:125][  0]LogConfig: Setting CVar [[r.DOF.Scatter.ForegroundCompositing:1    ; additive foreground scattering]]
[2020.10.13-01.25.33:125][  0]LogConfig: Setting CVar [[r.DOF.Scatter.BackgroundCompositing:2    ; additive background scattering]]
[2020.10.13-01.25.33:125][  0]LogConfig: Setting CVar [[r.DOF.Scatter.EnableBokehSettings:1      ; bokeh simulation when scattering]]
[2020.10.13-01.25.33:125][  0]LogConfig: Setting CVar [[r.DOF.Scatter.MaxSpriteRatio:0.1         ; only a maximum of 10% of scattered bokeh]]
[2020.10.13-01.25.33:125][  0]LogConfig: Setting CVar [[r.DOF.Recombine.Quality:1                ; cheap slight out of focus]]
[2020.10.13-01.25.33:125][  0]LogConfig: Setting CVar [[r.DOF.Recombine.EnableBokehSettings:0    ; no bokeh simulation on slight out of focus]]
[2020.10.13-01.25.33:125][  0]LogConfig: Setting CVar [[r.DOF.TemporalAAQuality:1                ; more stable temporal accumulation]]
[2020.10.13-01.25.33:125][  0]LogConfig: Setting CVar [[r.DOF.Kernel.MaxForegroundRadius:0.025]]
[2020.10.13-01.25.33:126][  0]LogConfig: Setting CVar [[r.DOF.Kernel.MaxBackgroundRadius:0.025]]
[2020.10.13-01.25.33:126][  0]LogConfig: Applying CVar settings from Section [TextureQuality@3] File [C:/Users/JoshS/Documents/Unreal Projects/UMG/UMG/Saved/Config/Windows/Scalability.ini]
[2020.10.13-01.25.33:126][  0]LogConfig: Setting CVar [[r.Streaming.MipBias:0]]
[2020.10.13-01.25.33:126][  0]LogConfig: Setting CVar [[r.Streaming.AmortizeCPUToGPUCopy:0]]
[2020.10.13-01.25.33:126][  0]LogConfig: Setting CVar [[r.Streaming.MaxNumTexturesToStreamPerFrame:0]]
[2020.10.13-01.25.33:126][  0]LogConfig: Setting CVar [[r.Streaming.Boost:1]]
[2020.10.13-01.25.33:126][  0]LogConfig: Setting CVar [[r.MaxAnisotropy:8]]
[2020.10.13-01.25.33:126][  0]LogConfig: Setting CVar [[r.Streaming.LimitPoolSizeToVRAM:0]]
[2020.10.13-01.25.33:126][  0]LogConfig: Setting CVar [[r.Streaming.PoolSize:1000]]
[2020.10.13-01.25.33:126][  0]LogConfig: Setting CVar [[r.Streaming.MaxEffectiveScreenSize:0]]
[2020.10.13-01.25.33:126][  0]LogConfig: Applying CVar settings from Section [EffectsQuality@3] File [C:/Users/JoshS/Documents/Unreal Projects/UMG/UMG/Saved/Config/Windows/Scalability.ini]
[2020.10.13-01.25.33:126][  0]LogConfig: Setting CVar [[r.TranslucencyLightingVolumeDim:64]]
[2020.10.13-01.25.33:126][  0]LogConfig: Setting CVar [[r.RefractionQuality:2]]
[2020.10.13-01.25.33:126][  0]LogConfig: Setting CVar [[r.SSR.Quality:3]]
[2020.10.13-01.25.33:126][  0]LogConfig: Setting CVar [[r.SceneColorFormat:4]]
[2020.10.13-01.25.33:126][  0]LogConfig: Setting CVar [[r.DetailMode:2]]
[2020.10.13-01.25.33:126][  0]LogConfig: Setting CVar [[r.TranslucencyVolumeBlur:1]]
[2020.10.13-01.25.33:126][  0]LogConfig: Setting CVar [[r.MaterialQualityLevel:1 ; High quality]]
[2020.10.13-01.25.33:126][  0]LogConfig: Setting CVar [[r.SSS.Scale:1]]
[2020.10.13-01.25.33:126][  0]LogConfig: Setting CVar [[r.SSS.SampleSet:2]]
[2020.10.13-01.25.33:126][  0]LogConfig: Setting CVar [[r.SSS.Quality:1]]
[2020.10.13-01.25.33:126][  0]LogConfig: Setting CVar [[r.SSS.HalfRes:1]]
[2020.10.13-01.25.33:126][  0]LogConfig: Setting CVar [[r.EmitterSpawnRateScale:1.0]]
[2020.10.13-01.25.33:126][  0]LogConfig: Setting CVar [[r.ParticleLightQuality:2]]
[2020.10.13-01.25.33:126][  0]LogConfig: Applying CVar settings from Section [FoliageQuality@3] File [C:/Users/JoshS/Documents/Unreal Projects/UMG/UMG/Saved/Config/Windows/Scalability.ini]
[2020.10.13-01.25.33:126][  0]LogConfig: Setting CVar [[foliage.DensityScale:1.0]]
[2020.10.13-01.25.33:127][  0]LogConfig: Setting CVar [[grass.DensityScale:1.0]]
[2020.10.13-01.25.33:127][  0]LogInit: Selected Device Profile: [Windows]
[2020.10.13-01.25.33:127][  0]LogInit: Applying CVar settings loaded from the selected device profile: [Windows]
[2020.10.13-01.25.33:135][  0]LogHAL: Display: Platform has ~ 16 GB [17092325376 / 17179869184 / 16], which maps to Larger [LargestMinGB=32, LargerMinGB=12, DefaultMinGB=8, SmallerMinGB=6, SmallestMinGB=0)
[2020.10.13-01.25.33:135][  0]LogInit: Going up to parent DeviceProfile []
[2020.10.13-01.25.33:135][  0]LogConfig: Applying CVar settings from Section [ViewDistanceQuality@3] File [C:/Users/JoshS/Documents/Unreal Projects/UMG/UMG/Saved/Config/Windows/Scalability.ini]
[2020.10.13-01.25.33:135][  0]LogConfig: Setting CVar [[r.SkeletalMeshLODBias:0]]
[2020.10.13-01.25.33:135][  0]LogConfig: Setting CVar [[r.ViewDistanceScale:1.0]]
[2020.10.13-01.25.33:135][  0]LogConfig: Applying CVar settings from Section [AntiAliasingQuality@3] File [C:/Users/JoshS/Documents/Unreal Projects/UMG/UMG/Saved/Config/Windows/Scalability.ini]
[2020.10.13-01.25.33:135][  0]LogConfig: Setting CVar [[r.PostProcessAAQuality:4]]
[2020.10.13-01.25.33:135][  0]LogConfig: Applying CVar settings from Section [ShadowQuality@3] File [C:/Users/JoshS/Documents/Unreal Projects/UMG/UMG/Saved/Config/Windows/Scalability.ini]
[2020.10.13-01.25.33:135][  0]LogConfig: Setting CVar [[r.LightFunctionQuality:1]]
[2020.10.13-01.25.33:135][  0]LogConfig: Setting CVar [[r.ShadowQuality:5]]
[2020.10.13-01.25.33:135][  0]LogConfig: Setting CVar [[r.Shadow.CSM.MaxCascades:10]]
[2020.10.13-01.25.33:135][  0]LogConfig: Setting CVar [[r.Shadow.MaxResolution:2048]]
[2020.10.13-01.25.33:135][  0]LogConfig: Setting CVar [[r.Shadow.MaxCSMResolution:2048]]
[2020.10.13-01.25.33:135][  0]LogConfig: Setting CVar [[r.Shadow.RadiusThreshold:0.01]]
[2020.10.13-01.25.33:135][  0]LogConfig: Setting CVar [[r.Shadow.DistanceScale:1.0]]
[2020.10.13-01.25.33:135][  0]LogConfig: Setting CVar [[r.Shadow.CSM.TransitionScale:1.0]]
[2020.10.13-01.25.33:135][  0]LogConfig: Setting CVar [[r.Shadow.PreShadowResolutionFactor:1.0]]
[2020.10.13-01.25.33:135][  0]LogConfig: Setting CVar [[r.DistanceFieldShadowing:1]]
[2020.10.13-01.25.33:135][  0]LogConfig: Setting CVar [[r.DistanceFieldAO:1]]
[2020.10.13-01.25.33:136][  0]LogConfig: Setting CVar [[r.AOQuality:2]]
[2020.10.13-01.25.33:136][  0]LogConfig: Setting CVar [[r.VolumetricFog:1]]
[2020.10.13-01.25.33:136][  0]LogConfig: Setting CVar [[r.VolumetricFog.GridPixelSize:8]]
[2020.10.13-01.25.33:136][  0]LogConfig: Setting CVar [[r.VolumetricFog.GridSizeZ:128]]
[2020.10.13-01.25.33:136][  0]LogConfig: Setting CVar [[r.VolumetricFog.HistoryMissSupersampleCount:4]]
[2020.10.13-01.25.33:136][  0]LogConfig: Setting CVar [[r.LightMaxDrawDistanceScale:1]]
[2020.10.13-01.25.33:136][  0]LogConfig: Setting CVar [[r.CapsuleShadows:1]]
[2020.10.13-01.25.33:136][  0]LogConfig: Applying CVar settings from Section [PostProcessQuality@3] File [C:/Users/JoshS/Documents/Unreal Projects/UMG/UMG/Saved/Config/Windows/Scalability.ini]
[2020.10.13-01.25.33:136][  0]LogConfig: Setting CVar [[r.MotionBlurQuality:4]]
[2020.10.13-01.25.33:136][  0]LogConfig: Setting CVar [[r.AmbientOcclusionMipLevelFactor:0.4]]
[2020.10.13-01.25.33:136][  0]LogConfig: Setting CVar [[r.AmbientOcclusionMaxQuality:100]]
[2020.10.13-01.25.33:136][  0]LogConfig: Setting CVar [[r.AmbientOcclusionLevels:-1]]
[2020.10.13-01.25.33:136][  0]LogConfig: Setting CVar [[r.AmbientOcclusionRadiusScale:1.0]]
[2020.10.13-01.25.33:136][  0]LogConfig: Setting CVar [[r.DepthOfFieldQuality:2]]
[2020.10.13-01.25.33:136][  0]LogConfig: Setting CVar [[r.RenderTargetPoolMin:400]]
[2020.10.13-01.25.33:136][  0]LogConfig: Setting CVar [[r.LensFlareQuality:2]]
[2020.10.13-01.25.33:136][  0]LogConfig: Setting CVar [[r.SceneColorFringeQuality:1]]
[2020.10.13-01.25.33:136][  0]LogConfig: Setting CVar [[r.EyeAdaptationQuality:2]]
[2020.10.13-01.25.33:136][  0]LogConfig: Setting CVar [[r.BloomQuality:5]]
[2020.10.13-01.25.33:136][  0]LogConfig: Setting CVar [[r.FastBlurThreshold:100]]
[2020.10.13-01.25.33:137][  0]LogConfig: Setting CVar [[r.Upscale.Quality:3]]
[2020.10.13-01.25.33:137][  0]LogConfig: Setting CVar [[r.Tonemapper.GrainQuantization:1]]
[2020.10.13-01.25.33:137][  0]LogConfig: Setting CVar [[r.LightShaftQuality:1]]
[2020.10.13-01.25.33:137][  0]LogConfig: Setting CVar [[r.Filter.SizeScale:1]]
[2020.10.13-01.25.33:137][  0]LogConfig: Setting CVar [[r.Tonemapper.Quality:5]]
[2020.10.13-01.25.33:137][  0]LogConfig: Setting CVar [[r.DOF.Gather.AccumulatorQuality:1        ; higher gathering accumulator quality]]
[2020.10.13-01.25.33:137][  0]LogConfig: Setting CVar [[r.DOF.Gather.PostfilterMethod:1          ; Median3x3 postfilering method]]
[2020.10.13-01.25.33:137][  0]LogConfig: Setting CVar [[r.DOF.Gather.EnableBokehSettings:0       ; no bokeh simulation when gathering]]
[2020.10.13-01.25.33:137][  0]LogConfig: Setting CVar [[r.DOF.Gather.RingCount:4                 ; medium number of samples when gathering]]
[2020.10.13-01.25.33:137][  0]LogConfig: Setting CVar [[r.DOF.Scatter.ForegroundCompositing:1    ; additive foreground scattering]]
[2020.10.13-01.25.33:137][  0]LogConfig: Setting CVar [[r.DOF.Scatter.BackgroundCompositing:2    ; additive background scattering]]
[2020.10.13-01.25.33:137][  0]LogConfig: Setting CVar [[r.DOF.Scatter.EnableBokehSettings:1      ; bokeh simulation when scattering]]
[2020.10.13-01.25.33:137][  0]LogConfig: Setting CVar [[r.DOF.Scatter.MaxSpriteRatio:0.1         ; only a maximum of 10% of scattered bokeh]]
[2020.10.13-01.25.33:137][  0]LogConfig: Setting CVar [[r.DOF.Recombine.Quality:1                ; cheap slight out of focus]]
[2020.10.13-01.25.33:137][  0]LogConfig: Setting CVar [[r.DOF.Recombine.EnableBokehSettings:0    ; no bokeh simulation on slight out of focus]]
[2020.10.13-01.25.33:137][  0]LogConfig: Setting CVar [[r.DOF.TemporalAAQuality:1                ; more stable temporal accumulation]]
[2020.10.13-01.25.33:137][  0]LogConfig: Setting CVar [[r.DOF.Kernel.MaxForegroundRadius:0.025]]
[2020.10.13-01.25.33:137][  0]LogConfig: Setting CVar [[r.DOF.Kernel.MaxBackgroundRadius:0.025]]
[2020.10.13-01.25.33:137][  0]LogConfig: Applying CVar settings from Section [TextureQuality@3] File [C:/Users/JoshS/Documents/Unreal Projects/UMG/UMG/Saved/Config/Windows/Scalability.ini]
[2020.10.13-01.25.33:137][  0]LogConfig: Setting CVar [[r.Streaming.MipBias:0]]
[2020.10.13-01.25.33:137][  0]LogConfig: Setting CVar [[r.Streaming.AmortizeCPUToGPUCopy:0]]
[2020.10.13-01.25.33:137][  0]LogConfig: Setting CVar [[r.Streaming.MaxNumTexturesToStreamPerFrame:0]]
[2020.10.13-01.25.33:137][  0]LogConfig: Setting CVar [[r.Streaming.Boost:1]]
[2020.10.13-01.25.33:137][  0]LogConfig: Setting CVar [[r.MaxAnisotropy:8]]
[2020.10.13-01.25.33:137][  0]LogConfig: Setting CVar [[r.Streaming.LimitPoolSizeToVRAM:0]]
[2020.10.13-01.25.33:137][  0]LogConfig: Setting CVar [[r.Streaming.PoolSize:1000]]
[2020.10.13-01.25.33:138][  0]LogConfig: Setting CVar [[r.Streaming.MaxEffectiveScreenSize:0]]
[2020.10.13-01.25.33:138][  0]LogConfig: Applying CVar settings from Section [EffectsQuality@3] File [C:/Users/JoshS/Documents/Unreal Projects/UMG/UMG/Saved/Config/Windows/Scalability.ini]
[2020.10.13-01.25.33:138][  0]LogConfig: Setting CVar [[r.TranslucencyLightingVolumeDim:64]]
[2020.10.13-01.25.33:138][  0]LogConfig: Setting CVar [[r.RefractionQuality:2]]
[2020.10.13-01.25.33:138][  0]LogConfig: Setting CVar [[r.SSR.Quality:3]]
[2020.10.13-01.25.33:138][  0]LogConfig: Setting CVar [[r.SceneColorFormat:4]]
[2020.10.13-01.25.33:138][  0]LogConfig: Setting CVar [[r.DetailMode:2]]
[2020.10.13-01.25.33:138][  0]LogConfig: Setting CVar [[r.TranslucencyVolumeBlur:1]]
[2020.10.13-01.25.33:138][  0]LogConfig: Setting CVar [[r.MaterialQualityLevel:1 ; High quality]]
[2020.10.13-01.25.33:138][  0]LogConfig: Setting CVar [[r.SSS.Scale:1]]
[2020.10.13-01.25.33:138][  0]LogConfig: Setting CVar [[r.SSS.SampleSet:2]]
[2020.10.13-01.25.33:138][  0]LogConfig: Setting CVar [[r.SSS.Quality:1]]
[2020.10.13-01.25.33:138][  0]LogConfig: Setting CVar [[r.SSS.HalfRes:1]]
[2020.10.13-01.25.33:138][  0]LogConfig: Setting CVar [[r.EmitterSpawnRateScale:1.0]]
[2020.10.13-01.25.33:138][  0]LogConfig: Setting CVar [[r.ParticleLightQuality:2]]
[2020.10.13-01.25.33:138][  0]LogConfig: Applying CVar settings from Section [FoliageQuality@3] File [C:/Users/JoshS/Documents/Unreal Projects/UMG/UMG/Saved/Config/Windows/Scalability.ini]
[2020.10.13-01.25.33:138][  0]LogConfig: Setting CVar [[foliage.DensityScale:1.0]]
[2020.10.13-01.25.33:138][  0]LogConfig: Setting CVar [[grass.DensityScale:1.0]]
[2020.10.13-01.25.33:138][  0]LogConfig: Applying CVar settings from Section [Startup] File [../../../Engine/Config/ConsoleVariables.ini]
[2020.10.13-01.25.33:139][  0]LogConfig: Setting CVar [[net.UseAdaptiveNetUpdateFrequency:0]]
[2020.10.13-01.25.33:139][  0]LogConfig: Setting CVar [[p.chaos.AllowCreatePhysxBodies:1]]
[2020.10.13-01.25.33:139][  0]LogConfig: Applying CVar settings from Section [ConsoleVariables] File [C:/Users/JoshS/Documents/Unreal Projects/UMG/UMG/Saved/Config/Windows/Engine.ini]
[2020.10.13-01.25.33:139][  0]LogInit: Computer: MYPC
[2020.10.13-01.25.33:139][  0]LogInit: User: JoshS
[2020.10.13-01.25.33:139][  0]LogInit: CPU Page size=4096, Cores=4
[2020.10.13-01.25.33:139][  0]LogInit: High frequency timer resolution =10.000000 MHz
[2020.10.13-01.25.33:140][  0]LogMemory: Memory total: Physical=15.9GB (16GB approx)
[2020.10.13-01.25.33:140][  0]LogMemory: Platform Memory Stats for Windows
[2020.10.13-01.25.33:140][  0]LogMemory: Process Physical Memory: 99.90 MB used, 99.90 MB peak
[2020.10.13-01.25.33:140][  0]LogMemory: Process Virtual Memory: 99.12 MB used, 99.12 MB peak
[2020.10.13-01.25.33:140][  0]LogMemory: Physical Memory: 8398.90 MB used,  7901.61 MB free, 16300.51 MB total
[2020.10.13-01.25.33:140][  0]LogMemory: Virtual Memory: 4666.98 MB used,  134213064.00 MB free, 134217728.00 MB total
[2020.10.13-01.25.33:149][  0]LogWindows: WindowsPlatformFeatures enabled
[2020.10.13-01.25.33:220][  0]LogInit: Using OS detected language (en-US).
[2020.10.13-01.25.33:220][  0]LogInit: Using OS detected locale (en-US).
[2020.10.13-01.25.33:222][  0]LogTextLocalizationManager: No specific localization for 'en-US' exists, so the 'en' localization will be used.
[2020.10.13-01.25.33:691][  0]LogInit: Setting process to per monitor DPI aware
[2020.10.13-01.25.33:813][  0]LogSlate: New Slate User Created.  User Index 0, Is Virtual User: 0
[2020.10.13-01.25.33:813][  0]LogSlate: Slate User Registered.  User Index 0, Is Virtual User: 0
[2020.10.13-01.25.34:202][  0]LogHMD: Failed to initialize OpenVR with code 110
[2020.10.13-01.25.34:202][  0]LogD3D11RHI: D3D11 adapters:
[2020.10.13-01.25.34:311][  0]LogD3D11RHI:    0. 'NVIDIA GeForce GTX 1060' (Feature Level 11_0)
[2020.10.13-01.25.34:311][  0]LogD3D11RHI:       6052/0/8150 MB DedicatedVideo/DedicatedSystem/SharedSystem, Outputs:1, VendorId:0x10de
[2020.10.13-01.25.34:361][  0]LogD3D11RHI:    1. 'Intel(R) HD Graphics 630' (Feature Level 11_0)
[2020.10.13-01.25.34:361][  0]LogD3D11RHI:       128/0/8150 MB DedicatedVideo/DedicatedSystem/SharedSystem, Outputs:0, VendorId:0x8086
[2020.10.13-01.25.34:367][  0]LogD3D11RHI:    2. 'Microsoft Basic Render Driver' (Feature Level 11_0)
[2020.10.13-01.25.34:367][  0]LogD3D11RHI:       0/0/8150 MB DedicatedVideo/DedicatedSystem/SharedSystem, Outputs:0, VendorId:0x1414
[2020.10.13-01.25.34:367][  0]LogD3D11RHI: Chosen D3D11 Adapter: 0
[2020.10.13-01.25.34:386][  0]LogD3D11RHI: Creating new Direct3DDevice
[2020.10.13-01.25.34:387][  0]LogD3D11RHI:     GPU DeviceId: 0x1c20 (for the marketing name, search the web for "GPU Device Id")
[2020.10.13-01.25.34:387][  0]LogWindows: EnumDisplayDevices:
[2020.10.13-01.25.34:387][  0]LogWindows:    0. 'NVIDIA GeForce GTX 1060' (P:1 D:1)
[2020.10.13-01.25.34:388][  0]LogWindows:    1. 'NVIDIA GeForce GTX 1060' (P:0 D:0)
[2020.10.13-01.25.34:388][  0]LogWindows:    2. 'NVIDIA GeForce GTX 1060' (P:0 D:0)
[2020.10.13-01.25.34:389][  0]LogWindows:    3. 'NVIDIA GeForce GTX 1060' (P:0 D:0)
[2020.10.13-01.25.34:389][  0]LogWindows:    4. 'Intel(R) HD Graphics 630' (P:0 D:0)
[2020.10.13-01.25.34:390][  0]LogWindows:    5. 'Intel(R) HD Graphics 630' (P:0 D:0)
[2020.10.13-01.25.34:391][  0]LogWindows:    6. 'Intel(R) HD Graphics 630' (P:0 D:0)
[2020.10.13-01.25.34:391][  0]LogWindows: DebugString: PrimaryIsNotTheChoosenAdapter PrimaryIsNotTheChoosenAdapter PrimaryIsNotTheChoosenAdapter FoundDriverCount:4 
[2020.10.13-01.25.34:391][  0]LogD3D11RHI:     Adapter Name: NVIDIA GeForce GTX 1060
[2020.10.13-01.25.34:391][  0]LogD3D11RHI:   Driver Version: 398.26 (internal:24.21.13.9826, unified:398.26)
[2020.10.13-01.25.34:391][  0]LogD3D11RHI:      Driver Date: 6-12-2018
[2020.10.13-01.25.34:391][  0]LogRHI: Texture pool is 4236 MB (70% of 6052 MB)
[2020.10.13-01.25.34:488][  0]LogD3D11RHI: Async texture creation enabled
[2020.10.13-01.25.34:518][  0]LogD3D11RHI: GPU Timing Frequency: 1000.000000 (Debug: 2 2)
[2020.10.13-01.25.35:328][  0]LogTemp: Display: Module 'AllDesktopTargetPlatform' loaded TargetPlatform 'AllDesktop'
[2020.10.13-01.25.35:354][  0]LogTemp: Display: Module 'MacClientTargetPlatform' loaded TargetPlatform 'MacClient'
[2020.10.13-01.25.35:376][  0]LogTemp: Display: Module 'MacNoEditorTargetPlatform' loaded TargetPlatform 'MacNoEditor'
[2020.10.13-01.25.35:397][  0]LogTemp: Display: Module 'MacServerTargetPlatform' loaded TargetPlatform 'MacServer'
[2020.10.13-01.25.35:418][  0]LogTemp: Display: Module 'MacTargetPlatform' loaded TargetPlatform 'Mac'
[2020.10.13-01.25.35:438][  0]LogTemp: Display: Module 'WindowsClientTargetPlatform' loaded TargetPlatform 'WindowsClient'
[2020.10.13-01.25.35:458][  0]LogTemp: Display: Module 'WindowsNoEditorTargetPlatform' loaded TargetPlatform 'WindowsNoEditor'
[2020.10.13-01.25.35:478][  0]LogTemp: Display: Module 'WindowsServerTargetPlatform' loaded TargetPlatform 'WindowsServer'
[2020.10.13-01.25.35:487][  0]LogTemp: Display: Module 'WindowsTargetPlatform' loaded TargetPlatform 'Windows'
[2020.10.13-01.25.35:560][  0]LogTemp: Display: Module 'AndroidTargetPlatform' loaded TargetPlatform 'Android'
[2020.10.13-01.25.35:560][  0]LogTemp: Display: Module 'AndroidTargetPlatform' loaded TargetPlatform 'Android_ASTC'
[2020.10.13-01.25.35:560][  0]LogTemp: Display: Module 'AndroidTargetPlatform' loaded TargetPlatform 'Android_ATC'
[2020.10.13-01.25.35:560][  0]LogTemp: Display: Module 'AndroidTargetPlatform' loaded TargetPlatform 'Android_DXT'
[2020.10.13-01.25.35:560][  0]LogTemp: Display: Module 'AndroidTargetPlatform' loaded TargetPlatform 'Android_ETC1'
[2020.10.13-01.25.35:560][  0]LogTemp: Display: Module 'AndroidTargetPlatform' loaded TargetPlatform 'Android_ETC1a'
[2020.10.13-01.25.35:560][  0]LogTemp: Display: Module 'AndroidTargetPlatform' loaded TargetPlatform 'Android_ETC2'
[2020.10.13-01.25.35:561][  0]LogTemp: Display: Module 'AndroidTargetPlatform' loaded TargetPlatform 'Android_PVRTC'
[2020.10.13-01.25.35:561][  0]LogTemp: Display: Module 'AndroidTargetPlatform' loaded TargetPlatform 'AndroidClient'
[2020.10.13-01.25.35:561][  0]LogTemp: Display: Module 'AndroidTargetPlatform' loaded TargetPlatform 'Android_ASTCClient'
[2020.10.13-01.25.35:561][  0]LogTemp: Display: Module 'AndroidTargetPlatform' loaded TargetPlatform 'Android_ATCClient'
[2020.10.13-01.25.35:561][  0]LogTemp: Display: Module 'AndroidTargetPlatform' loaded TargetPlatform 'Android_DXTClient'
[2020.10.13-01.25.35:561][  0]LogTemp: Display: Module 'AndroidTargetPlatform' loaded TargetPlatform 'Android_ETC1Client'
[2020.10.13-01.25.35:561][  0]LogTemp: Display: Module 'AndroidTargetPlatform' loaded TargetPlatform 'Android_ETC1aClient'
[2020.10.13-01.25.35:561][  0]LogTemp: Display: Module 'AndroidTargetPlatform' loaded TargetPlatform 'Android_ETC2Client'
[2020.10.13-01.25.35:561][  0]LogTemp: Display: Module 'AndroidTargetPlatform' loaded TargetPlatform 'Android_PVRTCClient'
[2020.10.13-01.25.35:561][  0]LogTemp: Display: Module 'AndroidTargetPlatform' loaded TargetPlatform 'Android_Multi'
[2020.10.13-01.25.35:561][  0]LogTemp: Display: Module 'AndroidTargetPlatform' loaded TargetPlatform 'Android_MultiClient'
[2020.10.13-01.25.35:565][  0]LogTemp: Display: Module 'HTML5TargetPlatform' loaded TargetPlatform 'HTML5'
[2020.10.13-01.25.35:603][  0]LogTemp: Display: Module 'IOSTargetPlatform' loaded TargetPlatform 'IOSClient'
[2020.10.13-01.25.35:603][  0]LogTemp: Display: Module 'IOSTargetPlatform' loaded TargetPlatform 'IOS'
[2020.10.13-01.25.35:633][  0]LogTemp: Display: Module 'TVOSTargetPlatform' loaded TargetPlatform 'TVOSClient'
[2020.10.13-01.25.35:633][  0]LogTemp: Display: Module 'TVOSTargetPlatform' loaded TargetPlatform 'TVOS'
[2020.10.13-01.25.35:649][  0]LogTemp: Display: Module 'LinuxClientTargetPlatform' loaded TargetPlatform 'LinuxClient'
[2020.10.13-01.25.35:665][  0]LogTemp: Display: Module 'LinuxNoEditorTargetPlatform' loaded TargetPlatform 'LinuxNoEditor'
[2020.10.13-01.25.35:680][  0]LogTemp: Display: Module 'LinuxServerTargetPlatform' loaded TargetPlatform 'LinuxServer'
[2020.10.13-01.25.35:697][  0]LogTemp: Display: Module 'LinuxTargetPlatform' loaded TargetPlatform 'Linux'
[2020.10.13-01.25.35:747][  0]LogTemp: Display: Module 'LuminTargetPlatform' loaded TargetPlatform 'Lumin'
[2020.10.13-01.25.35:747][  0]LogTemp: Display: Module 'LuminTargetPlatform' loaded TargetPlatform 'LuminClient'
[2020.10.13-01.25.35:747][  0]LogTargetPlatformManager: Display: Building Assets For Windows
[2020.10.13-01.25.35:768][  0]LogAudioDebug: Display: Lib vorbis DLL was dynamically loaded.
[2020.10.13-01.25.35:953][  0]LogShaderCompilers: Guid format shader working directory is -18 characters bigger than the processId version (../../../../../../Users/JoshS/Documents/Unreal Projects/UMG/UMG/Intermediate/Shaders/WorkingDirectory/27188/).
[2020.10.13-01.25.35:953][  0]LogShaderCompilers: Cleaned the shader compiler working directory 'C:/Users/JoshS/AppData/Local/Temp/UnrealShaderWorkingDir/5269CE824C64B1582BCDD2A8C7C8619E/'.
[2020.10.13-01.25.35:961][  0]LogXGEController: Cannot use XGE Controller as Incredibuild is not installed on this machine.
[2020.10.13-01.25.35:961][  0]LogShaderCompilers: Cannot use XGE Shader Compiler as Incredibuild is not installed on this machine.
[2020.10.13-01.25.35:961][  0]LogShaderCompilers: Display: Using Local Shader Compiler.
[2020.10.13-01.25.37:263][  0]LogDerivedDataCache: Display: Max Cache Size: 512 MB
[2020.10.13-01.25.37:357][  0]LogDerivedDataCache: Loaded boot cache 0.09s 73MB C:/Users/JoshS/AppData/Local/UnrealEngine/4.23/DerivedDataCache/Boot.ddc.
[2020.10.13-01.25.37:357][  0]LogDerivedDataCache: Display: Loaded Boot cache: C:/Users/JoshS/AppData/Local/UnrealEngine/4.23/DerivedDataCache/Boot.ddc
[2020.10.13-01.25.37:357][  0]LogDerivedDataCache: FDerivedDataBackendGraph:  Pak pak cache file ../../../../../../Users/JoshS/Documents/Unreal Projects/UMG/UMG/DerivedDataCache/DDC.ddp not found, will not use a pak cache.
[2020.10.13-01.25.37:357][  0]LogDerivedDataCache: Unable to find inner node Pak for hierarchical cache Hierarchy.
[2020.10.13-01.25.37:357][  0]LogDerivedDataCache: FDerivedDataBackendGraph:  CompressedPak pak cache file ../../../../../../Users/JoshS/Documents/Unreal Projects/UMG/UMG/DerivedDataCache/Compressed.ddp not found, will not use a pak cache.
[2020.10.13-01.25.37:357][  0]LogDerivedDataCache: Unable to find inner node CompressedPak for hierarchical cache Hierarchy.
[2020.10.13-01.25.37:384][  0]LogDerivedDataCache: Display: Pak cache opened for reading ../../../Engine/DerivedDataCache/Compressed.ddp.
[2020.10.13-01.25.37:384][  0]LogDerivedDataCache: FDerivedDataBackendGraph:  EnterprisePak pak cache file ../../../Enterprise/DerivedDataCache/Compressed.ddp not found, will not use a pak cache.
[2020.10.13-01.25.37:384][  0]LogDerivedDataCache: Unable to find inner node EnterprisePak for hierarchical cache Hierarchy.
[2020.10.13-01.25.37:386][  0]LogDerivedDataCache: Using Local data cache path C:/Users/JoshS/AppData/Local/UnrealEngine/Common/DerivedDataCache: Writable
[2020.10.13-01.25.37:386][  0]LogDerivedDataCache: Shared data cache path not found in *engine.ini, will not use an Shared cache.
[2020.10.13-01.25.37:386][  0]LogDerivedDataCache: Unable to find inner node Shared for hierarchical cache Hierarchy.
[2020.10.13-01.25.37:444][  0]LogMaterial: Verifying Global Shaders for PCD3D_SM5
[2020.10.13-01.25.37:450][  0]LogSlate: Using FreeType 2.6.0
[2020.10.13-01.25.37:451][  0]LogSlate: SlateFontServices - WITH_FREETYPE: 1, WITH_HARFBUZZ: 1
[2020.10.13-01.25.37:568][  0]LogAssetRegistry: FAssetRegistry took 0.0050 seconds to start up
[2020.10.13-01.25.38:236][  0]LogInit: Selected Device Profile: [Windows]
[2020.10.13-01.25.38:659][  0]LogMeshReduction: Using QuadricMeshReduction for automatic static mesh reduction
[2020.10.13-01.25.38:659][  0]LogMeshReduction: Using SimplygonMeshReduction for automatic skeletal mesh reduction
[2020.10.13-01.25.38:659][  0]LogMeshReduction: Using ProxyLODMeshReduction for automatic mesh merging
[2020.10.13-01.25.38:659][  0]LogMeshReduction: No distributed automatic mesh merging module available
[2020.10.13-01.25.38:659][  0]LogMeshMerging: No distributed automatic mesh merging module available
[2020.10.13-01.25.38:687][  0]LogNetVersion: UMG 1.0.0, NetCL: 8386587, EngineNetVer: 11, GameNetVer: 0 (Checksum: 1044110925)
[2020.10.13-01.25.39:881][  0]LogPackageLocalizationCache: Processed 12 localized package path(s) for 1 prioritized culture(s) in 0.121723 seconds
[2020.10.13-01.25.39:897][  0]LogUObjectArray: 43444 objects as part of root set at end of initial load.
[2020.10.13-01.25.39:897][  0]LogUObjectAllocator: 7548648 out of 0 bytes used by permanent object pool.
[2020.10.13-01.25.39:897][  0]LogUObjectArray: CloseDisregardForGC: 0/0 objects in disregard for GC pool
[2020.10.13-01.25.42:413][  0]LogTcpMessaging: Initializing TcpMessaging bridge
[2020.10.13-01.25.42:549][  0]LogUdpMessaging: Initializing bridge on interface 0.0.0.0:0 to multicast group 230.0.0.1:6666.
[2020.10.13-01.25.42:736][  0]SourceControl: Source control is disabled
[2020.10.13-01.25.42:737][  0]SourceControl: Source control is disabled
[2020.10.13-01.25.42:740][  0]SourceControl: Source control is disabled
[2020.10.13-01.25.42:744][  0]SourceControl: Source control is disabled
[2020.10.13-01.25.42:772][  0]LogVSAccessor: Display: Unable to create Visual Studio setup instance: 80040154
[2020.10.13-01.25.42:775][  0]LogVSAccessor: Display: Unable to create Visual Studio setup instance: 80040154
[2020.10.13-01.25.43:005][  0]LogAndroidPermission: UAndroidPermissionCallbackProxy::GetInstance
[2020.10.13-01.25.43:395][  0]LogOcInput: OculusInput pre-init called
[2020.10.13-01.25.43:420][  0]LogWindows: Failed to load 'OVRPlugin.dll' (GetLastError=126)
[2020.10.13-01.25.43:420][  0]LogWindows: File 'OVRPlugin.dll' does not exist
[2020.10.13-01.25.43:672][  0]LogEngine: Initializing Engine...
[2020.10.13-01.25.43:674][  0]LogHMD: Failed to initialize OpenVR with code 110
[2020.10.13-01.25.43:677][  0]LogStats: UGameplayTagsManager::InitializeManager -  0.000 s
[2020.10.13-01.25.44:282][  0]LogInit: Initializing FReadOnlyCVARCache
[2020.10.13-01.25.44:343][  0]LogAIModule: Creating AISystem for world Untitled
[2020.10.13-01.25.44:542][  0]LogInit: XAudio2 using 'Speakers (Realtek High Definition Audio)' : 2 channels at 48 kHz using 32 bits per sample (channel mask 0x3)
[2020.10.13-01.25.44:817][  0]LogInit: FAudioDevice initialized.
[2020.10.13-01.25.44:818][  0]LogNetVersion: Set ProjectVersion to 1.0.0.0. Version Checksum will be recalculated on next use.
[2020.10.13-01.25.45:235][  0]LogDerivedDataCache: Saved boot cache 0.42s 73MB C:/Users/JoshS/AppData/Local/UnrealEngine/4.23/DerivedDataCache/Boot.ddc.
[2020.10.13-01.25.45:253][  0]LogInit: Texture streaming: Enabled
[2020.10.13-01.25.45:325][  0]LogEngineSessionManager: EngineSessionManager initialized
[2020.10.13-01.25.45:325][  0]LogEditorSessionSummary: Verbose: Initializing EditorSessionSummaryWriter for editor session tracking
[2020.10.13-01.25.45:332][  0]LogEditorSessionSummary: EditorSessionSummaryWriter initialized
[2020.10.13-01.25.45:446][  0]LogInit: Transaction tracking system initialized
[2020.10.13-01.25.45:582][  0]BlueprintLog: New page: Editor Load
[2020.10.13-01.25.45:838][  0]LocalizationService: Localization service is disabled
[2020.10.13-01.25.46:131][  0]LogVSAccessor: Display: Unable to create Visual Studio setup instance: 80040154
[2020.10.13-01.25.46:134][  0]LogVSAccessor: Display: Unable to create Visual Studio setup instance: 80040154
[2020.10.13-01.25.46:663][  0]LogFileCache: Scanning file cache for directory 'C:/Users/JoshS/Documents/Unreal Projects/UMG/UMG/Content/' took 0.01s
[2020.10.13-01.25.46:663][  0]LogCook: Display: Max memory allowance for cook 16384mb min free memory 0mb
[2020.10.13-01.25.46:663][  0]LogCook: Display: Mobile HDR setting 1
[2020.10.13-01.25.47:479][  0]SourceControl: Source control is disabled
[2020.10.13-01.25.47:480][  0]Cmd: MAP LOAD FILE="../../../../../../Users/JoshS/Documents/Unreal Projects/UMG/UMG/Content/FirstHourUMG/Maps/Map_FirstHourUMG.umap" TEMPLATE=0 SHOWPROGRESS=1 FEATURELEVEL=3
[2020.10.13-01.25.47:482][  0]LightingResults: New page: Lighting Build
[2020.10.13-01.25.47:493][  0]LogWorld: UWorld::CleanupWorld for Untitled, bSessionEnded=true, bCleanupResources=true
[2020.10.13-01.25.47:494][  0]MapCheck: New page: Map Check
[2020.10.13-01.25.47:495][  0]LightingResults: New page: Lighting Build
[2020.10.13-01.25.47:567][  0]LogUObjectHash: Compacting FUObjectHashTables data took   4.96ms
[2020.10.13-01.25.48:532][  0]LogTexture: Display: Building textures: LQ_Lightmap_0_1 (DXT1, 2048X2048)
[2020.10.13-01.25.48:532][  0]LogTexture: Display: Building textures: HQ_Lightmap0_4 (AutoDXT, 2048X2048)
[2020.10.13-01.25.48:532][  0]LogTexture: Display: Building textures: HQ_Lightmap0_2 (AutoDXT, 2048X2048)
[2020.10.13-01.25.48:532][  0]LogTexture: Display: Building textures: LQ_Lightmap_0_2 (DXT1, 2048X2048)
[2020.10.13-01.25.48:532][  0]LogTexture: Display: Building textures: HQ_Lightmap0_3 (AutoDXT, 2048X2048)
[2020.10.13-01.25.48:533][  0]LogTexture: Display: Building textures: HQ_Lightmap0_1 (AutoDXT, 2048X2048)
[2020.10.13-01.25.48:533][  0]LogStaticMesh: Building static mesh 1M_Cube...
[2020.10.13-01.25.48:593][  0]LogStaticMesh: Built static mesh [0.06s] /Game/FirstHourUMG/Geometry/Meshes/1M_Cube.1M_Cube
[2020.10.13-01.25.49:522][  0]LogTexture: Display: Building textures: LQ_Lightmap_0_3 (DXT1, 2048X2048)
[2020.10.13-01.25.49:522][  0]LogTexture: Display: Building textures: LQ_Lightmap_0_4 (DXT1, 2048X2048)
[2020.10.13-01.25.49:523][  0]LogStaticMesh: Building static mesh SM_Pickup_Health...
[2020.10.13-01.25.49:530][  0]LogStaticMesh: Built static mesh [0.01s] /Game/FirstHourUMG/Pickups/Meshes/SM_Pickup_Health.SM_Pickup_Health
[2020.10.13-01.25.49:549][  0]LogMaterial: Display: Missing cached shader map for material Mat_LevelEnd, compiling. 
[2020.10.13-01.25.49:953][  0]LogShaderCompilers: Display: Worker (1/5): shaders left to compile 60
[2020.10.13-01.25.49:953][  0]LogShaderCompilers: Display: Worker (2/5): shaders left to compile 50
[2020.10.13-01.25.49:953][  0]LogShaderCompilers: Display: Worker (3/5): shaders left to compile 40
[2020.10.13-01.25.49:953][  0]LogShaderCompilers: Display: Worker (4/5): shaders left to compile 30
[2020.10.13-01.25.49:953][  0]LogShaderCompilers: Display: Worker (5/5): shaders left to compile 20
[2020.10.13-01.25.49:953][  0]LogMaterial: Display: Missing cached shader map for material M_Pickup_Health, compiling. 
[2020.10.13-01.25.50:371][  0]LogStaticMesh: Building static mesh FirstPersonProjectileMesh...
[2020.10.13-01.25.50:391][  0]LogStaticMesh: Built static mesh [0.02s] /Game/FirstHourUMG/Character/Meshes/FirstPersonProjectileMesh.FirstPersonProjectileMesh
[2020.10.13-01.25.50:400][  0]LogAnimationCompression: Building Anim DDC data for AnimSequence /Game/FirstHourUMG/Character/Animations/FirstPerson_JumpEnd.FirstPerson_JumpEnd
[2020.10.13-01.25.50:401][  0]LogAnimationCompression: Recompressing (AnimSequence /Game/FirstHourUMG/Character/Animations/FirstPerson_JumpEnd.FirstPerson_JumpEnd) using current/default (AnimCompress_RemoveLinearKeys_1) bFirstRecompressUsingCurrentOrDefault(1) bTryAlternateCompressor(0) IsCompressedDataValid(0)
[2020.10.13-01.25.50:444][  0]LogAIModule: Creating AISystem for world Map_FirstHourUMG
[2020.10.13-01.25.50:531][  0]LogEditorServer: Finished looking for orphan Actors (0.000 secs)
[2020.10.13-01.25.50:605][  0]LogUObjectHash: Compacting FUObjectHashTables data took   6.84ms
[2020.10.13-01.25.50:605][  0]Cmd: MAP CHECKDEP NOCLEARLOG
[2020.10.13-01.25.50:606][  0]MapCheck: Map check complete: 0 Error(s), 0 Warning(s), took 0.357ms to complete.
[2020.10.13-01.25.50:606][  0]LogFileHelpers: Loading map 'Map_FirstHourUMG' took 3.127
[2020.10.13-01.25.50:839][  0]LogSlate: Updating window title bar state: overlay mode, drag disabled, window buttons hidden, title bar hidden
[2020.10.13-01.25.50:869][  0]LogSlate: Updating window title bar state: overlay mode, drag disabled, window buttons hidden, title bar hidden
[2020.10.13-01.25.50:901][  0]LogSlate: Updating window title bar state: overlay mode, drag disabled, window buttons hidden, title bar hidden
[2020.10.13-01.25.50:923][  0]LogSlate: Updating window title bar state: overlay mode, drag disabled, window buttons hidden, title bar hidden
[2020.10.13-01.25.50:945][  0]LogCollectionManager: Loaded 0 collections in 0.006187 seconds
[2020.10.13-01.25.50:968][  0]LogFileCache: Scanning file cache for directory 'C:/Users/JoshS/Documents/Unreal Projects/UMG/UMG/Saved/Collections/' took 0.00s
[2020.10.13-01.25.50:968][  0]LogFileCache: Scanning file cache for directory 'C:/Users/JoshS/Documents/Unreal Projects/UMG/UMG/Content/Developers/JoshS/Collections/' took 0.00s
[2020.10.13-01.25.50:968][  0]LogFileCache: Scanning file cache for directory 'C:/Users/JoshS/Documents/Unreal Projects/UMG/UMG/Content/Collections/' took 0.00s
[2020.10.13-01.25.50:968][  0]LogCollectionManager: Rebuilt the GUID cache for 0 collections in 0.000003 seconds
[2020.10.13-01.25.50:996][  0]LogContentBrowser: Native class hierarchy populated in 0.0280 seconds. Added 2863 classes and 680 folders.
[2020.10.13-01.25.51:019][  0]LogContentBrowser: Native class hierarchy updated for 'WidgetCarousel' in 0.0005 seconds. Added 0 classes and 0 folders.
[2020.10.13-01.25.51:157][  0]LogContentBrowser: Native class hierarchy updated for 'AddContentDialog' in 0.0004 seconds. Added 0 classes and 0 folders.
[2020.10.13-01.25.51:173][  0]LogContentBrowser: Native class hierarchy updated for 'SceneOutliner' in 0.0005 seconds. Added 1 classes and 2 folders.
[2020.10.13-01.25.51:216][  0]LogSlate: Took 0.000301 seconds to synchronously load lazily loaded font '../../../Engine/Content/Slate/Fonts/Roboto-Regular.ttf' (155K)
[2020.10.13-01.25.51:220][  0]LogSlate: Took 0.000339 seconds to synchronously load lazily loaded font '../../../Engine/Content/Slate/Fonts/Roboto-Bold.ttf' (160K)
[2020.10.13-01.25.51:231][  0]LogSlate: Took 0.000405 seconds to synchronously load lazily loaded font '../../../Engine/Content/Editor/Slate/Fonts/FontAwesome.ttf' (139K)
[2020.10.13-01.25.51:390][  0]LogRenderer: Reallocating scene render targets to support 1312x240 Format 10 NumSamples 1 (Frame:1).
[2020.10.13-01.25.51:704][  0]LogContentBrowser: Native class hierarchy updated for 'HierarchicalLODOutliner' in 0.0005 seconds. Added 0 classes and 0 folders.
[2020.10.13-01.25.51:704][  0]LogLoad: (Engine Initialization) Total time: 21.79 seconds
[2020.10.13-01.25.51:704][  0]LogLoad: (Engine Initialization) Total Blueprint compile time: 0.00 seconds
[2020.10.13-01.25.51:780][  0]LogContentStreaming: Texture pool size now 1000 MB
[2020.10.13-01.25.51:803][  0]LogSlate: Took 0.000300 seconds to synchronously load lazily loaded font '../../../Engine/Content/Slate/Fonts/Roboto-Light.ttf' (167K)
[2020.10.13-01.25.57:270][309]LogShaderCompilers: Display: Worker (1/5): shaders left to compile 52
[2020.10.13-01.25.57:516][323]LogShaderCompilers: Display: Worker (4/5): shaders left to compile 42
[2020.10.13-01.25.57:673][333]LogShaderCompilers: Display: Worker (3/5): shaders left to compile 32
[2020.10.13-01.25.58:094][358]LogShaderCompilers: Display: Worker (2/5): shaders left to compile 23
[2020.10.13-01.26.00:381][495]LogShaderCompilers: Display: Worker (4/5): shaders left to compile 17
[2020.10.13-01.26.02:349][613]LogShaderCompilers: Display: Worker (3/5): shaders left to compile 12
[2020.10.13-01.26.02:671][631]LogAssetRegistry: Asset discovery search completed in 25.1051 seconds
[2020.10.13-01.26.02:678][631]LogCollectionManager: Rebuilt the object cache for 0 collections in 0.000007 seconds (found 0 objects)
[2020.10.13-01.26.02:679][631]LogCollectionManager: Fixed up redirectors for 0 collections in 0.000126 seconds (updated 0 objects)
[2020.10.13-01.26.02:773][636]LogShaderCompilers: Display: Worker (1/5): shaders left to compile 8
[2020.10.13-01.26.02:870][642]LogShaderCompilers: Display: Worker (2/5): shaders left to compile 5
[2020.10.13-01.26.03:920][705]LogShaderCompilers: Display: Worker (4/5): shaders left to compile 3
[2020.10.13-01.26.04:086][715]LogShaderCompilers: Display: Worker (2/5): shaders left to compile 2
[2020.10.13-01.26.04:388][733]LogShaderCompilers: Display: Worker (2/5): shaders left to compile 1
[2020.10.13-01.26.26:172][ 21]LogSlate: FSceneViewport::OnFocusLost() reason 0
[2020.10.13-01.26.26:309][ 29]LogRenderer: Reallocating scene render targets to support 1312x248 Format 10 NumSamples 1 (Frame:2073).
[2020.10.13-01.26.26:367][ 30]LogRenderer: Reallocating scene render targets to support 1312x252 Format 10 NumSamples 1 (Frame:2075).
[2020.10.13-01.26.26:438][ 31]LogRenderer: Reallocating scene render targets to support 1312x308 Format 10 NumSamples 1 (Frame:2077).
[2020.10.13-01.26.26:502][ 32]LogRenderer: Reallocating scene render targets to support 1312x372 Format 10 NumSamples 1 (Frame:2079).
[2020.10.13-01.26.26:555][ 33]LogRenderer: Reallocating scene render targets to support 1312x428 Format 10 NumSamples 1 (Frame:2081).
[2020.10.13-01.26.26:611][ 34]LogRenderer: Reallocating scene render targets to support 1312x452 Format 10 NumSamples 1 (Frame:2083).
[2020.10.13-01.26.26:671][ 35]LogRenderer: Reallocating scene render targets to support 1312x480 Format 10 NumSamples 1 (Frame:2085).
[2020.10.13-01.26.26:725][ 36]LogRenderer: Reallocating scene render targets to support 1312x500 Format 10 NumSamples 1 (Frame:2087).
[2020.10.13-01.26.26:776][ 37]LogRenderer: Reallocating scene render targets to support 1312x504 Format 10 NumSamples 1 (Frame:2089).
[2020.10.13-01.26.37:163][653]LogSlate: FSceneViewport::OnFocusLost() reason 0
[2020.10.13-01.27.51:744][494]LogEditorSessionSummary: EditorSessionSummary sent report. Type=Shutdown, SessionId={6915B200-42B6-4E7A-2146-FD85C08ED5A4}
[2020.10.13-01.28.00:816][965]LogSlate: Took 0.000469 seconds to synchronously load lazily loaded font '../../../Engine/Content/Slate/Fonts/Roboto-Light.ttf' (167K)
[2020.10.13-01.28.00:843][965]LogAssetEditorManager: Opening Asset editor for Blueprint /Game/FirstHourUMG/Character/Blueprints/HUD_FirstHourUMG.HUD_FirstHourUMG
[2020.10.13-01.28.01:453][965]LogContentBrowser: Native class hierarchy updated for 'BlueprintGraph' in 0.0009 seconds. Added 121 classes and 0 folders.
[2020.10.13-01.28.03:158][965]LogSlate: Took 0.000334 seconds to synchronously load lazily loaded font '../../../Engine/Content/Slate/Fonts/Roboto-BoldCondensed.ttf' (158K)
[2020.10.13-01.28.03:310][967]LogSlate: Took 0.000491 seconds to synchronously load lazily loaded font '../../../Engine/Content/Slate/Fonts/Roboto-Italic.ttf' (157K)
[2020.10.13-01.30.53:819][ 72]LogAssetEditorManager: Opening Asset editor for Blueprint /Game/FirstHourUMG/Character/Blueprints/GM_FirstHourUMG.GM_FirstHourUMG
[2020.10.13-01.32.40:531][870]LogWindows: LaunchURL http://docs.unrealengine.com/latest/INT/Engine/Blueprints/UserGuide/Types/ClassBlueprint/index.html?utm_source=editor&utm_medium=docs&utm_campaign=cb_docs
[2020.10.13-01.33.01:582][638]LogSlate: Window 'Reference Viewer' being destroyed
[2020.10.13-01.33.01:600][638]LogSlate: Window 'Reference Viewer' being destroyed
[2020.10.13-01.34.52:192][992]LogEditorSessionSummary: EditorSessionSummary sent report. Type=Shutdown, SessionId={BBA80032-4A50-4FCC-59A0-978B11863D5F}
[2020.10.13-01.35.09:876][144]LogWorld: UWorld::CleanupWorld for World_8, bSessionEnded=true, bCleanupResources=true
[2020.10.13-01.35.14:170][359]LogRenderer: Reallocating scene render targets to support 1312x596 Format 10 NumSamples 1 (Frame:1).
[2020.10.13-01.35.16:213][465]LogSlate: Window 'HUD_FirstHourUMG' being destroyed
[2020.10.13-01.35.16:270][465]LogActorComponent: UnregisterComponent: (/Engine/Transient.EditorFloorComp) Not registered. Aborting.
[2020.10.13-01.35.16:270][465]LogWorld: UWorld::CleanupWorld for World_7, bSessionEnded=true, bCleanupResources=true
[2020.10.13-01.35.45:384][ 97]LogEditorViewport: Clicking on Actor (LMB): StaticMeshActor (Floor)
[2020.10.13-01.35.46:849][161]LogSlate: FSceneViewport::OnFocusLost() reason 0
[2020.10.13-01.35.47:067][171]LogAssetEditorManager: Opening Asset editor for Blueprint /Game/FirstHourUMG/Character/Blueprints/GM_FirstHourUMG.GM_FirstHourUMG
[2020.10.13-02.03.17:347][837]LogSlate: Window 'GM_FirstHourUMG' being destroyed
[2020.10.13-02.03.17:364][837]LogSlate: Window 'GM_FirstHourUMG' being destroyed
[2020.10.13-02.03.17:365][837]LogWorld: UWorld::CleanupWorld for World_10, bSessionEnded=true, bCleanupResources=true
[2020.10.13-02.03.26:996][320]LogAssetEditorManager: Opening Asset editor for Blueprint /Game/FirstHourUMG/Character/Blueprints/HUD_FirstHourUMG.HUD_FirstHourUMG
[2020.10.13-02.03.37:416][677]LogSlate: Window 'HUD_FirstHourUMG' being destroyed
[2020.10.13-02.03.37:429][677]LogSlate: Window 'HUD_FirstHourUMG' being destroyed
[2020.10.13-02.03.37:455][677]LogWorld: UWorld::CleanupWorld for World_11, bSessionEnded=true, bCleanupResources=true
[2020.10.13-02.03.43:481][991]LogAssetEditorManager: Opening Asset editor for Blueprint /Game/FirstHourUMG/Character/Blueprints/GM_FirstHourUMG.GM_FirstHourUMG
[2020.10.13-02.06.12:751][382]LogSlate: Window 'GM_FirstHourUMG' being destroyed
[2020.10.13-02.06.12:765][382]LogSlate: Window 'GM_FirstHourUMG' being destroyed
[2020.10.13-02.06.12:823][382]LogWorld: UWorld::CleanupWorld for World_12, bSessionEnded=true, bCleanupResources=true
[2020.10.13-02.08.55:645][951]LogSlate: FSceneViewport::OnFocusLost() reason 5
[2020.10.13-02.09.52:989][588]LogUObjectHash: Compacting FUObjectHashTables data took  13.42ms
[2020.10.13-02.09.53:160][588]LogSlate: Window 'UMG - Unreal Editor' being destroyed
[2020.10.13-02.09.53:166][588]LogWindowsTextInputMethodSystem: Display: IME system now deactivated.
[2020.10.13-02.09.53:563][589]Cmd: QUIT_EDITOR
[2020.10.13-02.09.53:655][589]LogExit: Preparing to exit.
[2020.10.13-02.09.53:948][589]LogWorld: UWorld::CleanupWorld for World_5, bSessionEnded=true, bCleanupResources=true
[2020.10.13-02.09.53:958][589]LogWorld: UWorld::CleanupWorld for World_6, bSessionEnded=true, bCleanupResources=true
[2020.10.13-02.09.53:965][589]LogWorld: UWorld::CleanupWorld for World_0, bSessionEnded=true, bCleanupResources=true
[2020.10.13-02.09.53:973][589]LogWorld: UWorld::CleanupWorld for World_9, bSessionEnded=true, bCleanupResources=true
[2020.10.13-02.09.53:979][589]LogWorld: UWorld::CleanupWorld for World_2, bSessionEnded=true, bCleanupResources=true
[2020.10.13-02.09.53:984][589]LogWorld: UWorld::CleanupWorld for World_3, bSessionEnded=true, bCleanupResources=true
[2020.10.13-02.09.53:991][589]LogWorld: UWorld::CleanupWorld for World_4, bSessionEnded=true, bCleanupResources=true
[2020.10.13-02.09.53:997][589]LogWorld: UWorld::CleanupWorld for World_1, bSessionEnded=true, bCleanupResources=true
[2020.10.13-02.09.54:123][589]LogDemo: Cleaned up 0 splitscreen connections with owner deletion
[2020.10.13-02.09.54:178][589]LogWorld: UWorld::CleanupWorld for None, bSessionEnded=true, bCleanupResources=true
[2020.10.13-02.09.54:178][589]LogExit: Editor shut down
[2020.10.13-02.09.54:180][589]LogExit: Transaction tracking system shut down
[2020.10.13-02.09.54:942][589]LogExit: Object subsystem successfully closed.
[2020.10.13-02.09.55:000][589]LogShaderCompilers: Display: Shaders left to compile 0
[2020.10.13-02.09.55:118][589]LogModuleManager: Shutting down and abandoning module BlueprintGraph (672)
[2020.10.13-02.09.55:118][589]LogModuleManager: Shutting down and abandoning module HierarchicalLODOutliner (670)
[2020.10.13-02.09.55:118][589]LogModuleManager: Shutting down and abandoning module SceneOutliner (668)
[2020.10.13-02.09.55:118][589]LogModuleManager: Shutting down and abandoning module AddContentDialog (666)
[2020.10.13-02.09.55:120][589]LogModuleManager: Shutting down and abandoning module WidgetCarousel (665)
[2020.10.13-02.09.55:120][589]LogModuleManager: Shutting down and abandoning module EditorWidgets (662)
[2020.10.13-02.09.55:120][589]LogModuleManager: Shutting down and abandoning module CollectionManager (660)
[2020.10.13-02.09.55:120][589]LogModuleManager: Shutting down and abandoning module MeshBuilder (658)
[2020.10.13-02.09.55:121][589]LogModuleManager: Shutting down and abandoning module StatsViewer (656)
[2020.10.13-02.09.55:121][589]LogModuleManager: Shutting down and abandoning module VirtualTexturingEditor (654)
[2020.10.13-02.09.55:121][589]LogModuleManager: Shutting down and abandoning module FoliageEdit (652)
[2020.10.13-02.09.55:121][589]LogModuleManager: Shutting down and abandoning module LandscapeEditor (650)
[2020.10.13-02.09.55:121][589]LogModuleManager: Shutting down and abandoning module MeshPaintMode (648)
[2020.10.13-02.09.55:121][589]LogModuleManager: Shutting down and abandoning module SceneDepthPickerMode (646)
[2020.10.13-02.09.55:121][589]LogModuleManager: Shutting down and abandoning module ActorPickerMode (644)
[2020.10.13-02.09.55:121][589]LogModuleManager: Shutting down and abandoning module GeometryMode (642)
[2020.10.13-02.09.55:121][589]LogModuleManager: Shutting down and abandoning module TextureAlignMode (640)
[2020.10.13-02.09.55:121][589]LogModuleManager: Shutting down and abandoning module BspMode (638)
[2020.10.13-02.09.55:121][589]LogModuleManager: Shutting down and abandoning module PIEPreviewDeviceProfileSelector (636)
[2020.10.13-02.09.55:121][589]LogModuleManager: Shutting down and abandoning module SequenceRecorderSections (634)
[2020.10.13-02.09.55:122][589]LogModuleManager: Shutting down and abandoning module AutomationWorker (632)
[2020.10.13-02.09.55:122][589]LogModuleManager: Shutting down and abandoning module OculusMR (630)
[2020.10.13-02.09.55:122][589]LogModuleManager: Shutting down and abandoning module AudioCaptureEditor (628)
[2020.10.13-02.09.55:122][589]LogModuleManager: Shutting down and abandoning module MatineeToLevelSequence (626)
[2020.10.13-02.09.55:122][589]LogModuleManager: Shutting down and abandoning module LevelSequenceEditor (624)
[2020.10.13-02.09.55:123][589]LogModuleManager: Shutting down and abandoning module PlacementMode (623)
[2020.10.13-02.09.55:123][589]LogModuleManager: Shutting down and abandoning module MaterialEditor (622)
[2020.10.13-02.09.55:123][589]LogModuleManager: Shutting down and abandoning module ActorSequenceEditor (618)
[2020.10.13-02.09.55:123][589]LogModuleManager: Shutting down and abandoning module WmfMediaFactory (616)
[2020.10.13-02.09.55:123][589]LogModuleManager: Shutting down and abandoning module WmfMediaEditor (614)
[2020.10.13-02.09.55:123][589]LogModuleManager: Shutting down and abandoning module WebMMediaFactory (612)
[2020.10.13-02.09.55:123][589]LogModuleManager: Shutting down and abandoning module WebMMediaEditor (610)
[2020.10.13-02.09.55:123][589]LogModuleManager: Shutting down and abandoning module WebMMedia (608)
[2020.10.13-02.09.55:123][589]LogModuleManager: Shutting down and abandoning module MediaPlayerEditor (606)
[2020.10.13-02.09.55:123][589]LogModuleManager: Shutting down and abandoning module MediaCompositingEditor (604)
[2020.10.13-02.09.55:124][589]LogModuleManager: Shutting down and abandoning module SequenceRecorder (603)
[2020.10.13-02.09.55:124][589]LogModuleManager: Shutting down and abandoning module OpenExrWrapper (600)
[2020.10.13-02.09.55:124][589]LogModuleManager: Shutting down and abandoning module ImgMediaFactory (598)
[2020.10.13-02.09.55:124][589]LogModuleManager: Shutting down and abandoning module ImgMediaEditor (596)
[2020.10.13-02.09.55:124][589]LogModuleManager: Shutting down and abandoning module AvfMediaFactory (594)
[2020.10.13-02.09.55:124][589]LogModuleManager: Shutting down and abandoning module AvfMediaEditor (592)
[2020.10.13-02.09.55:124][589]LogModuleManager: Shutting down and abandoning module AndroidMediaFactory (590)
[2020.10.13-02.09.55:124][589]LogModuleManager: Shutting down and abandoning module AndroidMediaEditor (588)
[2020.10.13-02.09.55:124][589]LogModuleManager: Shutting down and abandoning module MagicLeapCameraPreviewFactory (586)
[2020.10.13-02.09.55:124][589]LogModuleManager: Shutting down and abandoning module MagicLeapMediaCodecFactory (584)
[2020.10.13-02.09.55:124][589]LogModuleManager: Shutting down and abandoning module MagicLeapMediaFactory (582)
[2020.10.13-02.09.55:124][589]LogModuleManager: Shutting down and abandoning module MagicLeapMediaEditor (580)
[2020.10.13-02.09.55:124][589]LogModuleManager: Shutting down and abandoning module CharacterAI (578)
[2020.10.13-02.09.55:124][589]LogModuleManager: Shutting down and abandoning module SmartSnapping (576)
[2020.10.13-02.09.55:124][589]LogModuleManager: Shutting down and abandoning module SessionServices (574)
[2020.10.13-02.09.55:124][589]LogModuleManager: Shutting down and abandoning module MeshPaint (572)
[2020.10.13-02.09.55:125][589]LogModuleManager: Shutting down and abandoning module ViewportSnapping (570)
[2020.10.13-02.09.55:125][589]LogModuleManager: Shutting down and abandoning module ViewportInteraction (568)
[2020.10.13-02.09.55:125][589]LogModuleManager: Shutting down and abandoning module ClothPainter (566)
[2020.10.13-02.09.55:125][589]LogModuleManager: Shutting down and abandoning module SkeletalMeshEditor (565)
[2020.10.13-02.09.55:125][589]LogModuleManager: Shutting down and abandoning module LogVisualizer (562)
[2020.10.13-02.09.55:125][589]LogModuleManager: Shutting down and abandoning module IntroTutorials (560)
[2020.10.13-02.09.55:125][589]LogModuleManager: Shutting down and abandoning module GameProjectGeneration (559)
[2020.10.13-02.09.55:125][589]LogModuleManager: Shutting down and abandoning module LuminPlatformEditor (556)
[2020.10.13-02.09.55:125][589]LogModuleManager: Shutting down and abandoning module IOSPlatformEditor (554)
[2020.10.13-02.09.55:125][589]LogModuleManager: Shutting down and abandoning module HTML5PlatformEditor (552)
[2020.10.13-02.09.55:125][589]LogModuleManager: Shutting down and abandoning module AndroidPlatformEditor (550)
[2020.10.13-02.09.55:126][589]LogModuleManager: Shutting down and abandoning module AndroidDeviceDetection (549)
[2020.10.13-02.09.55:933][589]LogModuleManager: Shutting down and abandoning module WindowsPlatformEditor (546)
[2020.10.13-02.09.55:933][589]LogModuleManager: Shutting down and abandoning module LuminRuntimeSettings (544)
[2020.10.13-02.09.55:933][589]LogModuleManager: Shutting down and abandoning module IOSRuntimeSettings (542)
[2020.10.13-02.09.55:933][589]LogModuleManager: Shutting down and abandoning module AndroidRuntimeSettings (540)
[2020.10.13-02.09.55:933][589]LogModuleManager: Shutting down and abandoning module TimeManagementEditor (538)
[2020.10.13-02.09.55:933][589]LogModuleManager: Shutting down and abandoning module InputBindingEditor (536)
[2020.10.13-02.09.55:933][589]LogModuleManager: Shutting down and abandoning module MergeActors (534)
[2020.10.13-02.09.55:933][589]LogModuleManager: Shutting down and abandoning module LocalizationDashboard (532)
[2020.10.13-02.09.55:933][589]LogModuleManager: Shutting down and abandoning module LocalizationService (531)
[2020.10.13-02.09.55:933][589]LogModuleManager: Shutting down and abandoning module HardwareTargeting (528)
[2020.10.13-02.09.55:933][589]LogModuleManager: Shutting down and abandoning module DeviceProfileEditor (526)
[2020.10.13-02.09.55:934][589]LogModuleManager: Shutting down and abandoning module UndoHistory (524)
[2020.10.13-02.09.55:934][589]LogModuleManager: Shutting down and abandoning module XmlParser (522)
[2020.10.13-02.09.55:934][589]LogModuleManager: Shutting down and abandoning module Blutility (520)
[2020.10.13-02.09.55:934][589]LogModuleManager: Shutting down and abandoning module ProjectSettingsViewer (518)
[2020.10.13-02.09.55:935][589]LogModuleManager: Shutting down and abandoning module ProjectTargetPlatformEditor (517)
[2020.10.13-02.09.55:935][589]LogModuleManager: Shutting down and abandoning module EditorSettingsViewer (514)
[2020.10.13-02.09.55:935][589]LogModuleManager: Shutting down and abandoning module SettingsEditor (512)
[2020.10.13-02.09.55:936][589]LogModuleManager: Shutting down and abandoning module ProjectLauncher (510)
[2020.10.13-02.09.55:936][589]LogModuleManager: Shutting down and abandoning module SessionFrontend (508)
[2020.10.13-02.09.55:936][589]LogModuleManager: Shutting down and abandoning module ProfilerClient (506)
[2020.10.13-02.09.55:936][589]LogModuleManager: Shutting down and abandoning module DeviceManager (504)
[2020.10.13-02.09.55:936][589]LogModuleManager: Shutting down and abandoning module TargetDeviceServices (503)
[2020.10.13-02.09.55:969][589]LogModuleManager: Shutting down and abandoning module AutomationController (500)
[2020.10.13-02.09.55:969][589]LogModuleManager: Shutting down and abandoning module AutomationWindow (498)
[2020.10.13-02.09.55:969][589]LogModuleManager: Shutting down and abandoning module Layers (496)
[2020.10.13-02.09.55:969][589]LogModuleManager: Shutting down and abandoning module ComponentVisualizers (494)
[2020.10.13-02.09.55:969][589]LogModuleManager: Shutting down and abandoning module DetailCustomizations (492)
[2020.10.13-02.09.55:969][589]LogModuleManager: Shutting down and abandoning module PackagesDialog (490)
[2020.10.13-02.09.55:969][589]LogModuleManager: Shutting down and abandoning module AnimationBlueprintEditor (488)
[2020.10.13-02.09.55:969][589]LogModuleManager: Shutting down and abandoning module Persona (486)
[2020.10.13-02.09.55:970][589]LogModuleManager: Shutting down and abandoning module AdvancedPreviewScene (485)
[2020.10.13-02.09.55:970][589]LogModuleManager: Shutting down and abandoning module AnimGraph (483)
[2020.10.13-02.09.55:970][589]LogModuleManager: Shutting down and abandoning module Kismet (480)
[2020.10.13-02.09.55:983][589]LogModuleManager: Shutting down and abandoning module KismetWidgets (479)
[2020.10.13-02.09.55:983][589]LogModuleManager: Shutting down and abandoning module GraphEditor (476)
[2020.10.13-02.09.55:984][589]LogModuleManager: Shutting down and abandoning module StructViewer (474)
[2020.10.13-02.09.55:985][589]LogModuleManager: Shutting down and abandoning module ClassViewer (472)
[2020.10.13-02.09.55:985][589]LogModuleManager: Shutting down and abandoning module Toolbox (470)
[2020.10.13-02.09.55:985][589]LogModuleManager: Shutting down and abandoning module ModuleUI (468)
[2020.10.13-02.09.55:985][589]LogModuleManager: Shutting down and abandoning module MovieSceneTools (466)
[2020.10.13-02.09.55:985][589]LogModuleManager: Shutting down and abandoning module OutputLog (464)
[2020.10.13-02.09.55:986][589]LogModuleManager: Shutting down and abandoning module GammaUI (462)
[2020.10.13-02.09.55:986][589]LogModuleManager: Shutting down and abandoning module Documentation (460)
[2020.10.13-02.09.55:986][589]LogModuleManager: Shutting down and abandoning module LiveCoding (458)
[2020.10.13-02.09.55:988][589]LogModuleManager: Shutting down and abandoning module LevelSequence (456)
[2020.10.13-02.09.55:988][589]LogModuleManager: Shutting down and abandoning module MovieSceneTracks (454)
[2020.10.13-02.09.55:988][589]LogModuleManager: Shutting down and abandoning module MovieScene (452)
[2020.10.13-02.09.55:988][589]LogModuleManager: Shutting down and abandoning module StreamingPauseRendering (450)
[2020.10.13-02.09.55:989][589]LogModuleManager: Shutting down and abandoning module LauncherPlatform (448)
[2020.10.13-02.09.55:989][589]LogModuleManager: Shutting down and abandoning module AnalyticsET (446)
[2020.10.13-02.09.55:989][589]LogModuleManager: Shutting down and abandoning module PortalServices (444)
[2020.10.13-02.09.55:989][589]LogModuleManager: Shutting down and abandoning module PortalRpc (442)
[2020.10.13-02.09.55:989][589]LogModuleManager: Shutting down and abandoning module MessagingRpc (440)
[2020.10.13-02.09.55:989][589]LogModuleManager: Shutting down and abandoning module AIModule (438)
[2020.10.13-02.09.55:989][589]LogModuleManager: Shutting down and abandoning module GameplayDebugger (437)
[2020.10.13-02.09.55:989][589]LogModuleManager: Shutting down and abandoning module AITestSuite (435)
[2020.10.13-02.09.55:989][589]LogModuleManager: Shutting down and abandoning module NavigationSystem (433)
[2020.10.13-02.09.55:989][589]LogModuleManager: Shutting down and abandoning module DesktopPlatform (430)
[2020.10.13-02.09.55:989][589]LogModuleManager: Shutting down and abandoning module ImageWriteQueue (428)
[2020.10.13-02.09.56:002][589]LogModuleManager: Shutting down and abandoning module ProfilerService (426)
[2020.10.13-02.09.56:042][589]LogModuleManager: Shutting down and abandoning module TaskGraph (424)
[2020.10.13-02.09.56:042][589]LogModuleManager: Shutting down and abandoning module ScreenshotTools (422)
[2020.10.13-02.09.56:042][589]LogModuleManager: Shutting down and abandoning module SteamVRController (420)
[2020.10.13-02.09.56:042][589]LogModuleManager: Shutting down and abandoning module ProceduralMeshComponentEditor (418)
[2020.10.13-02.09.56:043][589]LogModuleManager: Shutting down and abandoning module ProceduralMeshComponent (416)
[2020.10.13-02.09.56:043][589]LogModuleManager: Shutting down and abandoning module OculusEditor (414)
[2020.10.13-02.09.56:043][589]LogModuleManager: Shutting down and abandoning module OculusInput (412)
[2020.10.13-02.09.56:043][589]LogModuleManager: Shutting down and abandoning module MobilePatchingUtils (410)
[2020.10.13-02.09.56:043][589]LogModuleManager: Shutting down and abandoning module EditableMesh (408)
[2020.10.13-02.09.56:043][589]LogModuleManager: Shutting down and abandoning module CustomMeshComponent (406)
[2020.10.13-02.09.56:043][589]LogModuleManager: Shutting down and abandoning module CableComponent (404)
[2020.10.13-02.09.56:043][589]LogModuleManager: Shutting down and abandoning module AudioCapture (402)
[2020.10.13-02.09.56:043][589]LogModuleManager: Shutting down and abandoning module ArchVisCharacter (400)
[2020.10.13-02.09.56:043][589]LogModuleManager: Shutting down and abandoning module AppleImageUtilsBlueprintSupport (398)
[2020.10.13-02.09.56:043][589]LogModuleManager: Shutting down and abandoning module AppleImageUtils (396)
[2020.10.13-02.09.56:043][589]LogModuleManager: Shutting down and abandoning module AndroidPermission (394)
[2020.10.13-02.09.56:043][589]LogModuleManager: Shutting down and abandoning module NUTUnrealEngine4 (392)
[2020.10.13-02.09.56:043][589]LogModuleManager: Shutting down and abandoning module NetcodeUnitTest (390)
[2020.10.13-02.09.56:043][589]LogModuleManager: Shutting down and abandoning module MediaCompositing (388)
[2020.10.13-02.09.56:044][589]LogModuleManager: Shutting down and abandoning module ImgMedia (386)
[2020.10.13-02.09.56:044][589]LogModuleManager: Shutting down and abandoning module MagicLeapHelperVulkan (384)
[2020.10.13-02.09.56:044][589]LogModuleManager: Shutting down and abandoning module MagicLeapHelperOpenGL (382)
[2020.10.13-02.09.56:044][589]LogModuleManager: Shutting down and abandoning module MagicLeapAudio (380)
[2020.10.13-02.09.56:044][589]LogModuleManager: Shutting down and abandoning module HTML5Networking (378)
[2020.10.13-02.09.56:044][589]LogModuleManager: Shutting down and abandoning module GeometryCacheTracks (376)
[2020.10.13-02.09.56:044][589]LogModuleManager: Shutting down and abandoning module GeometryCacheSequencer (374)
[2020.10.13-02.09.56:044][589]LogModuleManager: Shutting down and abandoning module BackChannel (372)
[2020.10.13-02.09.56:044][589]LogModuleManager: Shutting down and abandoning module AutomationUtilsEditor (370)
[2020.10.13-02.09.56:044][589]LogModuleManager: Shutting down and abandoning module AutomationUtils (368)
[2020.10.13-02.09.56:044][589]LogModuleManager: Shutting down and abandoning module AlembicImporter (366)
[2020.10.13-02.09.56:044][589]LogModuleManager: Shutting down and abandoning module AlembicLibrary (365)
[2020.10.13-02.09.56:044][589]LogModuleManager: Shutting down and abandoning module GeometryCache (364)
[2020.10.13-02.09.56:044][589]LogModuleManager: Shutting down and abandoning module GeometryCacheEd (363)
[2020.10.13-02.09.56:044][589]LogModuleManager: Shutting down and abandoning module VariantManagerContent (358)
[2020.10.13-02.09.56:044][589]LogModuleManager: Shutting down and abandoning module DatasmithContentEditor (356)
[2020.10.13-02.09.56:044][589]LogModuleManager: Shutting down and abandoning module SpeedTreeImporter (354)
[2020.10.13-02.09.56:044][589]LogModuleManager: Shutting down and abandoning module PluginBrowser (352)
[2020.10.13-02.09.56:045][589]LogModuleManager: Shutting down and abandoning module MobileLauncherProfileWizard (350)
[2020.10.13-02.09.56:045][589]LogModuleManager: Shutting down and abandoning module MaterialAnalyzer (348)
[2020.10.13-02.09.56:045][589]LogModuleManager: Shutting down and abandoning module CurveEditorTools (346)
[2020.10.13-02.09.56:045][589]LogModuleManager: Shutting down and abandoning module CurveEditor (345)
[2020.10.13-02.09.56:045][589]LogModuleManager: Shutting down and abandoning module CryptoKeysOpenSSL (342)
[2020.10.13-02.09.56:045][589]LogModuleManager: Shutting down and abandoning module CryptoKeys (340)
[2020.10.13-02.09.56:045][589]LogModuleManager: Shutting down and abandoning module VisualStudioSourceCodeAccess (338)
[2020.10.13-02.09.56:045][589]LogModuleManager: Shutting down and abandoning module VisualStudioCodeSourceCodeAccess (336)
[2020.10.13-02.09.56:045][589]LogModuleManager: Shutting down and abandoning module UObjectPlugin (334)
[2020.10.13-02.09.56:045][589]LogModuleManager: Shutting down and abandoning module SubversionSourceControl (332)
[2020.10.13-02.09.56:045][589]LogModuleManager: Shutting down and abandoning module PerforceSourceControl (330)
[2020.10.13-02.09.56:045][589]LogModuleManager: Shutting down and abandoning module GitSourceControl (328)
[2020.10.13-02.09.56:045][589]LogModuleManager: Shutting down and abandoning module SourceControl (327)
[2020.10.13-02.09.56:045][589]LogModuleManager: Shutting down and abandoning module CLionSourceCodeAccess (324)
[2020.10.13-02.09.56:046][589]LogModuleManager: Shutting down and abandoning module AnimationSharingEd (322)
[2020.10.13-02.09.56:046][589]LogModuleManager: Shutting down and abandoning module ActorLayerUtilitiesEditor (320)
[2020.10.13-02.09.56:046][589]LogModuleManager: Shutting down and abandoning module ActorLayerUtilities (318)
[2020.10.13-02.09.56:046][589]LogModuleManager: Shutting down and abandoning module LightPropagationVolumeEditor (316)
[2020.10.13-02.09.56:046][589]LogModuleManager: Shutting down and abandoning module PaperTiledImporter (314)
[2020.10.13-02.09.56:046][589]LogModuleManager: Shutting down and abandoning module PaperSpriteSheetImporter (312)
[2020.10.13-02.09.56:046][589]LogModuleManager: Shutting down and abandoning module Paper2DEditor (310)
[2020.10.13-02.09.56:046][589]LogModuleManager: Shutting down and abandoning module SignificanceManager (308)
[2020.10.13-02.09.56:046][589]LogModuleManager: Shutting down and abandoning module RuntimePhysXCooking (306)
[2020.10.13-02.09.56:046][589]LogModuleManager: Shutting down and abandoning module PhysXVehiclesEditor (304)
[2020.10.13-02.09.56:046][589]LogModuleManager: Shutting down and abandoning module LocationServicesBPLibrary (300)
[2020.10.13-02.09.56:046][589]LogModuleManager: Shutting down and abandoning module ActorSequence (298)
[2020.10.13-02.09.56:046][589]LogModuleManager: Shutting down and abandoning module UdpMessaging (296)
[2020.10.13-02.09.56:147][589]LogModuleManager: Shutting down and abandoning module TcpMessaging (294)
[2020.10.13-02.09.56:248][589]LogModuleManager: Shutting down and abandoning module MagicLeapIdentity (292)
[2020.10.13-02.09.56:248][589]LogModuleManager: Shutting down and abandoning module MagicLeapSecureStorage (290)
[2020.10.13-02.09.56:248][589]LogModuleManager: Shutting down and abandoning module MagicLeapHandTracking (288)
[2020.10.13-02.09.56:248][589]LogModuleManager: Shutting down and abandoning module MagicLeapEyeTracker (286)
[2020.10.13-02.09.56:248][589]LogModuleManager: Shutting down and abandoning module MagicLeapController (284)
[2020.10.13-02.09.56:249][589]LogSlate: Slate User Destroyed.  User Index 0, Is Virtual User: 0
[2020.10.13-02.09.56:249][589]LogModuleManager: Shutting down and abandoning module MagicLeapAR (282)
[2020.10.13-02.09.56:249][589]LogModuleManager: Shutting down and abandoning module AugmentedReality (281)
[2020.10.13-02.09.56:249][589]LogModuleManager: Shutting down and abandoning module GameplayTagsEditor (278)
[2020.10.13-02.09.56:249][589]LogModuleManager: Shutting down and abandoning module FacialAnimationEditor (276)
[2020.10.13-02.09.56:249][589]LogModuleManager: Shutting down and abandoning module FacialAnimation (274)
[2020.10.13-02.09.56:249][589]LogModuleManager: Shutting down and abandoning module DataValidation (272)
[2020.10.13-02.09.56:249][589]LogModuleManager: Shutting down and abandoning module AssetManagerEditor (270)
[2020.10.13-02.09.56:250][589]LogModuleManager: Shutting down and abandoning module LevelEditor (269)
[2020.10.13-02.09.56:254][589]LogModuleManager: Shutting down and abandoning module PixelInspectorModule (268)
[2020.10.13-02.09.56:254][589]LogModuleManager: Shutting down and abandoning module CommonMenuExtensions (266)
[2020.10.13-02.09.56:255][589]LogModuleManager: Shutting down and abandoning module MainFrame (264)
[2020.10.13-02.09.56:255][589]LogModuleManager: Shutting down and abandoning module HotReload (263)
[2020.10.13-02.09.56:256][589]LogModuleManager: Shutting down and abandoning module ContentBrowser (259)
[2020.10.13-02.09.56:261][589]LogModuleManager: Shutting down and abandoning module TreeMap (257)
[2020.10.13-02.09.56:261][589]LogModuleManager: Shutting down and abandoning module AnimationSharing (254)
[2020.10.13-02.09.56:262][589]LogModuleManager: Shutting down and abandoning module LightPropagationVolumeRuntime (252)
[2020.10.13-02.09.56:262][589]LogModuleManager: Shutting down and abandoning module Paper2D (250)
[2020.10.13-02.09.56:262][589]LogModuleManager: Shutting down and abandoning module WindowsMoviePlayer (248)
[2020.10.13-02.09.56:270][589]LogModuleManager: Shutting down and abandoning module WebMMoviePlayer (246)
[2020.10.13-02.09.56:270][589]LogModuleManager: Shutting down and abandoning module NetworkReplayStreaming (244)
[2020.10.13-02.09.56:270][589]LogModuleManager: Shutting down and abandoning module PacketHandler (242)
[2020.10.13-02.09.56:270][589]LogModuleManager: Shutting down and abandoning module ClothingSystemEditor (240)
[2020.10.13-02.09.56:270][589]LogModuleManager: Shutting down and abandoning module ClothingSystemRuntime (238)
[2020.10.13-02.09.56:270][589]LogModuleManager: Shutting down and abandoning module MediaAssets (236)
[2020.10.13-02.09.56:270][589]LogModuleManager: Shutting down and abandoning module Overlay (234)
[2020.10.13-02.09.56:270][589]LogModuleManager: Shutting down and abandoning module OverlayEditor (233)
[2020.10.13-02.09.56:270][589]LogModuleManager: Shutting down and abandoning module VREditor (230)
[2020.10.13-02.09.56:271][589]LogModuleManager: Shutting down and abandoning module StringTableEditor (228)
[2020.10.13-02.09.56:271][589]LogModuleManager: Shutting down and abandoning module GameplayTasksEditor (226)
[2020.10.13-02.09.56:271][589]LogModuleManager: Shutting down and abandoning module BehaviorTreeEditor (224)
[2020.10.13-02.09.56:271][589]LogModuleManager: Shutting down and abandoning module FunctionalTesting (222)
[2020.10.13-02.09.56:271][589]LogModuleManager: Shutting down and abandoning module CollisionAnalyzer (220)
[2020.10.13-02.09.56:271][589]LogModuleManager: Shutting down and abandoning module WorkspaceMenuStructure (219)
[2020.10.13-02.09.56:271][589]LogModuleManager: Shutting down and abandoning module UMG (216)
[2020.10.13-02.09.56:271][589]LogModuleManager: Shutting down and abandoning module UMGEditor (215)
[2020.10.13-02.09.56:271][589]LogModuleManager: Shutting down and abandoning module Sequencer (214)
[2020.10.13-02.09.56:272][589]LogModuleManager: Shutting down and abandoning module MessageLog (211)
[2020.10.13-02.09.56:272][589]LogModuleManager: Shutting down and abandoning module SlateReflector (206)
[2020.10.13-02.09.56:272][589]LogModuleManager: Shutting down and abandoning module Slate (204)
[2020.10.13-02.09.56:272][589]LogModuleManager: Shutting down and abandoning module LandscapeEditorUtilities (202)
[2020.10.13-02.09.56:272][589]LogModuleManager: Shutting down and abandoning module EditorStyle (200)
[2020.10.13-02.09.56:276][589]LogModuleManager: Shutting down and abandoning module UnrealEd (198)
[2020.10.13-02.09.56:276][589]LogModuleManager: Shutting down and abandoning module MRMesh (196)
[2020.10.13-02.09.56:276][589]LogModuleManager: Shutting down and abandoning module SourceCodeAccess (194)
[2020.10.13-02.09.56:276][589]LogModuleManager: Shutting down and abandoning module HeadMountedDisplay (192)
[2020.10.13-02.09.56:276][589]LogModuleManager: Shutting down and abandoning module XAudio2 (190)
[2020.10.13-02.09.56:277][589]LogModuleManager: Shutting down and abandoning module Networking (188)
[2020.10.13-02.09.56:277][589]LogModuleManager: Shutting down and abandoning module Core (186)
[2020.10.13-02.09.56:277][589]LogModuleManager: Shutting down and abandoning module KismetCompiler (184)
[2020.10.13-02.09.56:277][589]LogModuleManager: Shutting down and abandoning module MeshUtilities (182)
[2020.10.13-02.09.56:277][589]LogModuleManager: Shutting down and abandoning module MeshMergeUtilities (181)
[2020.10.13-02.09.56:277][589]LogModuleManager: Shutting down and abandoning module MeshReductionInterface (180)
[2020.10.13-02.09.56:277][589]LogModuleManager: Shutting down and abandoning module SkeletalMeshReduction (179)
[2020.10.13-02.09.56:277][589]LogModuleManager: Shutting down and abandoning module ProxyLODMeshReduction (177)
[2020.10.13-02.09.56:277][589]LogModuleManager: Shutting down and abandoning module QuadricMeshReduction (175)
[2020.10.13-02.09.56:277][589]LogModuleManager: Shutting down and abandoning module MaterialBaking (171)
[2020.10.13-02.09.56:277][589]LogModuleManager: Shutting down and abandoning module NullInstallBundleManager (166)
[2020.10.13-02.09.56:277][589]LogModuleManager: Shutting down and abandoning module DerivedDataCache (164)
[2020.10.13-02.09.56:277][589]LogDerivedDataCache: Shutdown
[2020.10.13-02.09.56:277][589]LogModuleManager: Shutting down and abandoning module XGEController (162)
[2020.10.13-02.09.56:277][589]LogModuleManager: Shutting down and abandoning module TargetPlatform (160)
[2020.10.13-02.09.56:278][589]LogModuleManager: Shutting down and abandoning module VulkanShaderFormat (159)
[2020.10.13-02.09.56:278][589]LogModuleManager: Shutting down and abandoning module ShaderFormatVectorVM (157)
[2020.10.13-02.09.56:278][589]LogModuleManager: Shutting down and abandoning module ShaderFormatOpenGL (155)
[2020.10.13-02.09.56:278][589]LogModuleManager: Shutting down and abandoning module ShaderFormatD3D (153)
[2020.10.13-02.09.56:278][589]LogModuleManager: Shutting down and abandoning module MetalShaderFormat (151)
[2020.10.13-02.09.56:278][589]LogModuleManager: Shutting down and abandoning module TextureFormatUncompressed (149)
[2020.10.13-02.09.56:278][589]LogModuleManager: Shutting down and abandoning module TextureFormatPVR (147)
[2020.10.13-02.09.56:278][589]LogModuleManager: Shutting down and abandoning module TextureFormatDXT (145)
[2020.10.13-02.09.56:278][589]LogModuleManager: Shutting down and abandoning module TextureFormatIntelISPCTexComp (143)
[2020.10.13-02.09.56:279][589]LogModuleManager: Shutting down and abandoning module TextureFormatASTC (141)
[2020.10.13-02.09.56:279][589]LogModuleManager: Shutting down and abandoning module ImageWrapper (140)
[2020.10.13-02.09.56:279][589]LogModuleManager: Shutting down and abandoning module TextureFormatAndroid (137)
[2020.10.13-02.09.56:279][589]LogModuleManager: Shutting down and abandoning module AudioFormatOpus (135)
[2020.10.13-02.09.56:279][589]LogModuleManager: Shutting down and abandoning module AudioFormatOgg (133)
[2020.10.13-02.09.56:279][589]LogModuleManager: Shutting down and abandoning module AudioFormatADPCM (131)
[2020.10.13-02.09.56:279][589]LogModuleManager: Shutting down and abandoning module LuminTargetPlatform (129)
[2020.10.13-02.09.56:286][589]LogModuleManager: Shutting down and abandoning module LinuxTargetPlatform (127)
[2020.10.13-02.09.56:286][589]LogModuleManager: Shutting down and abandoning module LinuxServerTargetPlatform (125)
[2020.10.13-02.09.56:286][589]LogModuleManager: Shutting down and abandoning module LinuxNoEditorTargetPlatform (123)
[2020.10.13-02.09.56:286][589]LogModuleManager: Shutting down and abandoning module LinuxClientTargetPlatform (121)
[2020.10.13-02.09.56:286][589]LogModuleManager: Shutting down and abandoning module TVOSTargetPlatform (119)
[2020.10.13-02.09.56:291][589]LogModuleManager: Shutting down and abandoning module Messaging (117)
[2020.10.13-02.09.56:291][589]LogModuleManager: Shutting down and abandoning module IOSTargetPlatform (115)
[2020.10.13-02.09.56:297][589]LogModuleManager: Shutting down and abandoning module HTML5TargetPlatform (113)
[2020.10.13-02.09.56:297][589]LogModuleManager: Shutting down and abandoning module AndroidTargetPlatform (111)
[2020.10.13-02.09.56:340][589]LogModuleManager: Shutting down and abandoning module WindowsTargetPlatform (109)
[2020.10.13-02.09.56:340][589]LogModuleManager: Shutting down and abandoning module WindowsServerTargetPlatform (107)
[2020.10.13-02.09.56:340][589]LogModuleManager: Shutting down and abandoning module WindowsNoEditorTargetPlatform (105)
[2020.10.13-02.09.56:340][589]LogModuleManager: Shutting down and abandoning module WindowsClientTargetPlatform (103)
[2020.10.13-02.09.56:340][589]LogModuleManager: Shutting down and abandoning module MacTargetPlatform (101)
[2020.10.13-02.09.56:340][589]LogModuleManager: Shutting down and abandoning module MacServerTargetPlatform (99)
[2020.10.13-02.09.56:341][589]LogModuleManager: Shutting down and abandoning module MacNoEditorTargetPlatform (97)
[2020.10.13-02.09.56:341][589]LogModuleManager: Shutting down and abandoning module MacClientTargetPlatform (95)
[2020.10.13-02.09.56:341][589]LogModuleManager: Shutting down and abandoning module AllDesktopTargetPlatform (93)
[2020.10.13-02.09.56:341][589]LogModuleManager: Shutting down and abandoning module InputCore (90)
[2020.10.13-02.09.56:341][589]LogModuleManager: Shutting down and abandoning module Settings (88)
[2020.10.13-02.09.56:341][589]LogModuleManager: Shutting down and abandoning module DirectoryWatcher (86)
[2020.10.13-02.09.56:342][589]LogModuleManager: Shutting down and abandoning module PhysXCooking (84)
[2020.10.13-02.09.56:342][589]LogModuleManager: Shutting down and abandoning module WindowsPlatformFeatures (82)
[2020.10.13-02.09.56:343][589]LogModuleManager: Shutting down and abandoning module GameplayMediaEncoder (81)
[2020.10.13-02.09.56:343][589]LogModuleManager: Shutting down and abandoning module SteamVR (78)
[2020.10.13-02.09.56:343][589]LogHMD: Freeing OpenVRDLLHandle.
[2020.10.13-02.09.56:343][589]LogModuleManager: Shutting down and abandoning module OculusHMD (76)
[2020.10.13-02.09.56:343][589]LogModuleManager: Shutting down and abandoning module ExampleDeviceProfileSelector (74)
[2020.10.13-02.09.56:343][589]LogModuleManager: Shutting down and abandoning module LauncherChunkInstaller (72)
[2020.10.13-02.09.56:343][589]LogModuleManager: Shutting down and abandoning module OnlineBlueprintSupport (70)
[2020.10.13-02.09.56:343][589]LogModuleManager: Shutting down and abandoning module OnlineSubsystem (66)
[2020.10.13-02.09.56:345][589]LogModuleManager: Shutting down and abandoning module XMPP (61)
[2020.10.13-02.09.56:345][589]LogModuleManager: Shutting down and abandoning module WebSockets (60)
[2020.10.13-02.09.56:356][589]LogModuleManager: Shutting down and abandoning module HTTP (57)
[2020.10.13-02.09.56:356][589]LogHttp: Display: Http module shutting down, but needs to wait on 1 outstanding Http requests:
[2020.10.13-02.09.56:356][589]LogHttp: Display: 	verb=[POST] url=[https://datarouter.ol.epicgames.com/datarouter/api/v1/public/data?SessionID=%7B2702D4BD-4FE2-F324-22CB-F4B89AB4982B%7D&AppID=UEEditor.Rocket.Release&AppVersion=4.23.1-9631420%2B%2B%2BUE4%2BRelease-4.23&UserID=b37a9f1041b87be47e7ec5996aa21972%7C98d24091d88e4b6e9dfaa29bc59f538d%7C5971fa01-c737-472c-80c5-c97c778b8698&AppEnvironment=datacollector-binary&UploadType=eteventstream] status=Processing
[2020.10.13-02.09.56:361][589]LogModuleManager: Shutting down and abandoning module SSL (56)
[2020.10.13-02.09.56:366][589]LogModuleManager: Shutting down and abandoning module WmfMedia (52)
[2020.10.13-02.09.56:373][589]LogModuleManager: Shutting down and abandoning module Media (51)
[2020.10.13-02.09.56:375][589]LogModuleManager: Shutting down and abandoning module MagicLeap (48)
[2020.10.13-02.09.56:375][589]LogModuleManager: Shutting down and abandoning module DatasmithContent (46)
[2020.10.13-02.09.56:376][589]LogModuleManager: Shutting down and abandoning module AISupportModule (44)
[2020.10.13-02.09.56:376][589]LogModuleManager: Shutting down and abandoning module PlatformCryptoOpenSSL (42)
[2020.10.13-02.09.56:376][589]LogModuleManager: Shutting down and abandoning module PlatformCrypto (40)
[2020.10.13-02.09.56:376][589]LogModuleManager: Shutting down and abandoning module AnimationModifiers (38)
[2020.10.13-02.09.56:376][589]LogModuleManager: Shutting down and abandoning module PropertyEditor (37)
[2020.10.13-02.09.56:376][589]LogModuleManager: Shutting down and abandoning module AudioEditor (34)
[2020.10.13-02.09.56:377][589]LogModuleManager: Shutting down and abandoning module TextureCompressor (32)
[2020.10.13-02.09.56:377][589]LogModuleManager: Shutting down and abandoning module RenderCore (30)
[2020.10.13-02.09.56:377][589]LogModuleManager: Shutting down and abandoning module Landscape (28)
[2020.10.13-02.09.56:377][589]LogModuleManager: Shutting down and abandoning module SlateRHIRenderer (26)
[2020.10.13-02.09.56:385][589]LogModuleManager: Shutting down and abandoning module OpenGLDrv (24)
[2020.10.13-02.09.56:385][589]LogModuleManager: Shutting down and abandoning module D3D11RHI (22)
[2020.10.13-02.09.56:385][589]LogModuleManager: Shutting down and abandoning module AnimGraphRuntime (20)
[2020.10.13-02.09.56:385][589]LogModuleManager: Shutting down and abandoning module Renderer (18)
[2020.10.13-02.09.56:385][589]LogModuleManager: Shutting down and abandoning module Engine (16)
[2020.10.13-02.09.56:385][589]LogModuleManager: Shutting down and abandoning module CoreUObject (14)
[2020.10.13-02.09.56:385][589]LogModuleManager: Shutting down and abandoning module NetworkFile (12)
[2020.10.13-02.09.56:385][589]LogModuleManager: Shutting down and abandoning module CookedIterativeFile (10)
[2020.10.13-02.09.56:386][589]LogModuleManager: Shutting down and abandoning module StreamingFile (8)
[2020.10.13-02.09.56:386][589]LogModuleManager: Shutting down and abandoning module SandboxFile (6)
[2020.10.13-02.09.56:386][589]LogModuleManager: Shutting down and abandoning module PakFile (4)
[2020.10.13-02.09.56:386][589]LogModuleManager: Shutting down and abandoning module RSA (3)
[2020.10.13-02.09.56:388][589]LogD3D11RHI: Shutdown
[2020.10.13-02.09.56:388][589]LogD3D11RHI: CleanupD3DDevice
[2020.10.13-02.09.56:390][589]LogRendererCore: FGlobalDynamicReadBuffer::Cleanup()
[2020.10.13-02.09.56:390][589]LogRendererCore: FGlobalDynamicReadBuffer::Cleanup()
[2020.10.13-02.09.56:390][589]LogRendererCore: FGlobalDynamicReadBuffer::Cleanup()
[2020.10.13-02.09.56:833][589]LogD3D11RHI: ~FD3D11DynamicRHI
[2020.10.13-02.09.56:865][589]LogExit: Exiting.
[2020.10.13-02.09.56:906][589]Log file closed, 10/12/20 22:09:56
